[11726252]:[2]: dispatch to task 13.
[11726252]:[1]: enter to sus_tsk tskid=6.
[11726256]:[1]: task 6 becomes SUSPENDED.
[11726259]:[1]: leave from sus_tsk ercd=0.
[11726260]:[1]: enter to sus_tsk tskid=7.
[11726262]:[1]: task 7 becomes SUSPENDED.
[11726263]:[1]: leave from sus_tsk ercd=0.
[11726265]:[1]: enter to sta_cyc cycid=2.
[11726270]:[1]: leave from sta_cyc ercd=0.
[11726271]:[1]: enter to sta_cyc cycid=3.
[11726274]:[1]: leave from sta_cyc ercd=0.
[11726275]:[1]: enter to sig_sem semid=5.
[11726279]:[1]: leave from sig_sem ercd=0.
[11726281]:[1]: enter to sta_cyc cycid=1.
[11726283]:[1]: leave from sta_cyc ercd=0.
[11726284]:[1]: enter to ext_tsk.
[11726289]:[1]: task 1 becomes DORMANT.
[11726291]:[1]: dispatch from task 1.
[11726293]:[1]: dispatch to task 5.
[11726297]:[1]: enter to wai_sem semid=5.
[11726300]:[1]: leave from wai_sem ercd=0.
[11726303]:[1]: enter to wai_sem semid=5.
[11726306]:[1]: task 5 becomes WAITING.
[11726308]:[1]: dispatch from task 5.
[11726310]:[1]: dispatch to task 8.
[11726310]:[2]: dispatch from task 13.
[11726310]:[2]: dispatch to task 9.
[11726315]:[2]: enter to sta_cyc cycid=4.
[11726321]:[2]: leave from sta_cyc ercd=0.
[11726323]:[2]: enter to dly_tsk dlytim=2000.
[11726330]:[2]: task 9 becomes WAITING.
[11726333]:[2]: dispatch from task 9.
[11726335]:[2]: dispatch to task 12.
[11727134]:[2]: dispatch from task 12.
[11727134]:[2]: dispatch to task 13.
[11727134]:[1]: enter to cyclic handler 2.
[11727138]:[1]: leave from cyclic handler 2.
[11727143]:[1]: enter to cyclic handler 1.
[11727145]:[1]: enter to iact_tsk tskid=2.
[11727148]:[1]: task 2 becomes RUNNABLE.
[11727150]:[1]: leave from iact_tsk ercd=0.
[11727152]:[1]: leave from cyclic handler 1.
[11727157]:[1]: enter to cyclic handler 3.
[11727159]:[1]: leave from cyclic handler 3.
[11727165]:[1]: dispatch from task 8.
[11727167]:[1]: dispatch to task 2.
[11737928]:[1]: enter to ext_tsk.
[11737930]:[1]: task 2 becomes DORMANT.
[11737931]:[1]: dispatch from task 2.
[11737933]:[1]: dispatch to task 8.
[11737933]:[2]: dispatch from task 13.
[11737933]:[2]: dispatch to task 12.
[11737943]:[2]: enter to cyclic handler 4.
[11737946]:[2]: enter to iact_tsk tskid=10.
[11737949]:[2]: task 10 becomes RUNNABLE.
[11737951]:[2]: leave from iact_tsk ercd=0.
[11737954]:[2]: leave from cyclic handler 4.
[11737958]:[2]: dispatch from task 12.
[11737961]:[2]: dispatch to task 10.
[11737971]:[2]: dispatch from task 10.
[11737971]:[2]: dispatch to task 13.
[11737971]:[1]: enter to isig_sem semid=5.
[11737976]:[1]: task 5 becomes RUNNABLE.
[11737978]:[1]: leave from isig_sem ercd=0.
[11737980]:[1]: dispatch from task 8.
[11737982]:[1]: dispatch to task 5.
[11737984]:[1]: leave from wai_sem ercd=0.
[11737986]:[1]: enter to rsm_tsk tskid=6.
[11737989]:[1]: task 6 becomes RUNNABLE.
[11737991]:[1]: leave from rsm_tsk ercd=0.
[11737992]:[1]: enter to wai_sem semid=5.
[11737994]:[1]: task 5 becomes WAITING.
[11737996]:[1]: dispatch from task 5.
[11737998]:[1]: dispatch to task 6.
[11737998]:[2]: dispatch from task 13.
[11737998]:[2]: dispatch to task 10.
[11748793]:[2]: enter to ext_tsk.
[11748798]:[2]: task 10 becomes DORMANT.
[11748799]:[2]: dispatch from task 10.
[11748801]:[2]: dispatch to task 12.
[11748809]:[2]: dispatch from task 12.
[11748809]:[2]: dispatch to task 13.
[11748809]:[1]: enter to isig_sem semid=5.
[11748811]:[1]: task 5 becomes RUNNABLE.
[11748812]:[1]: leave from isig_sem ercd=0.
[11748816]:[1]: dispatch from task 6.
[11748818]:[1]: dispatch to task 5.
[11748819]:[1]: leave from wai_sem ercd=0.
[11748821]:[1]: enter to sus_tsk tskid=6.
[11748822]:[1]: task 6 becomes SUSPENDED.
[11748824]:[1]: leave from sus_tsk ercd=0.
[11748825]:[1]: enter to wai_sem semid=5.
[11748828]:[1]: task 5 becomes WAITING.
[11748829]:[1]: dispatch from task 5.
[11748830]:[1]: dispatch to task 8.
[11748830]:[2]: dispatch from task 13.
[11748830]:[2]: dispatch to task 12.
[11783226]:[2]: dispatch from task 12.
[11783226]:[2]: dispatch to task 13.
[11783226]:[1]: enter to isig_sem semid=5.
[11783228]:[1]: task 5 becomes RUNNABLE.
[11783229]:[1]: leave from isig_sem ercd=0.
[11783232]:[1]: dispatch from task 8.
[11783233]:[1]: dispatch to task 5.
[11783235]:[1]: leave from wai_sem ercd=0.
[11783237]:[1]: enter to rsm_tsk tskid=6.
[11783239]:[1]: task 6 becomes RUNNABLE.
[11783240]:[1]: leave from rsm_tsk ercd=0.
[11783241]:[1]: enter to wai_sem semid=5.
[11783244]:[1]: task 5 becomes WAITING.
[11783245]:[1]: dispatch from task 5.
[11783247]:[1]: dispatch to task 6.
[11783247]:[2]: dispatch from task 13.
[11783247]:[2]: dispatch to task 12.
[11783261]:[2]: dispatch from task 12.
[11783261]:[2]: dispatch to task 13.
[11783261]:[1]: enter to isig_sem semid=5.
[11783262]:[1]: task 5 becomes RUNNABLE.
[11783264]:[1]: leave from isig_sem ercd=0.
[11783267]:[1]: dispatch from task 6.
[11783268]:[1]: dispatch to task 5.
[11783270]:[1]: leave from wai_sem ercd=0.
[11783271]:[1]: enter to sus_tsk tskid=6.
[11783273]:[1]: task 6 becomes SUSPENDED.
[11783274]:[1]: leave from sus_tsk ercd=0.
[11783276]:[1]: enter to wai_sem semid=5.
[11783278]:[1]: task 5 becomes WAITING.
[11783279]:[1]: dispatch from task 5.
[11783281]:[1]: dispatch to task 8.
[11783281]:[2]: dispatch from task 13.
[11783281]:[2]: dispatch to task 12.
[11827124]:[2]: dispatch from task 12.
[11827124]:[2]: dispatch to task 13.
[11827124]:[1]: enter to cyclic handler 1.
[11827125]:[1]: enter to iact_tsk tskid=2.
[11827127]:[1]: task 2 becomes RUNNABLE.
[11827129]:[1]: leave from iact_tsk ercd=0.
[11827130]:[1]: enter to iact_tsk tskid=3.
[11827131]:[1]: task 3 becomes RUNNABLE.
[11827133]:[1]: leave from iact_tsk ercd=0.
[11827134]:[1]: enter to iact_tsk tskid=4.
[11827136]:[1]: task 4 becomes RUNNABLE.
[11827137]:[1]: leave from iact_tsk ercd=0.
[11827139]:[1]: leave from cyclic handler 1.
[11827144]:[1]: dispatch from task 8.
[11827146]:[1]: dispatch to task 2.
[11833222]:[1]: enter to isig_sem semid=5.
[11833224]:[1]: task 5 becomes RUNNABLE.
[11833225]:[1]: leave from isig_sem ercd=0.
[11837915]:[1]: enter to ext_tsk.
[11837918]:[1]: task 2 becomes DORMANT.
[11837919]:[1]: dispatch from task 2.
[11837920]:[1]: dispatch to task 5.
[11837922]:[1]: leave from wai_sem ercd=0.
[11837924]:[1]: enter to rsm_tsk tskid=6.
[11837925]:[1]: task 6 becomes RUNNABLE.
[11837927]:[1]: leave from rsm_tsk ercd=0.
[11837928]:[1]: enter to wai_sem semid=5.
[11837930]:[1]: task 5 becomes WAITING.
[11837932]:[1]: dispatch from task 5.
[11837933]:[1]: dispatch to task 6.
[11837933]:[2]: dispatch from task 13.
[11837933]:[2]: dispatch to task 12.
[11837946]:[2]: dispatch from task 12.
[11837946]:[2]: dispatch to task 13.
[11837946]:[1]: enter to isig_sem semid=5.
[11837948]:[1]: task 5 becomes RUNNABLE.
[11837950]:[1]: leave from isig_sem ercd=0.
[11837953]:[1]: dispatch from task 6.
[11837954]:[1]: dispatch to task 5.
[11837956]:[1]: leave from wai_sem ercd=0.
[11837957]:[1]: enter to sus_tsk tskid=6.
[11837959]:[1]: task 6 becomes SUSPENDED.
[11837961]:[1]: leave from sus_tsk ercd=0.
[11837962]:[1]: enter to wai_sem semid=5.
[11837964]:[1]: task 5 becomes WAITING.
[11837965]:[1]: dispatch from task 5.
[11837967]:[1]: dispatch to task 3.
[11870252]:[1]: enter to ext_tsk.
[11870254]:[1]: task 3 becomes DORMANT.
[11870255]:[1]: dispatch from task 3.
[11870257]:[1]: dispatch to task 4.
[11877119]:[1]: enter to cyclic handler 2.
[11877121]:[1]: leave from cyclic handler 2.
[11883219]:[1]: enter to isig_sem semid=5.
[11883221]:[1]: task 5 becomes RUNNABLE.
[11883223]:[1]: leave from isig_sem ercd=0.
[11883226]:[1]: dispatch from task 4.
[11883228]:[1]: dispatch to task 5.
[11883229]:[1]: leave from wai_sem ercd=0.
[11883231]:[1]: enter to rsm_tsk tskid=6.
[11883232]:[1]: task 6 becomes RUNNABLE.
[11883234]:[1]: leave from rsm_tsk ercd=0.
[11883235]:[1]: enter to wai_sem semid=5.
[11883238]:[1]: task 5 becomes WAITING.
[11883239]:[1]: dispatch from task 5.
[11883241]:[1]: dispatch to task 6.
[11883241]:[2]: dispatch from task 13.
[11883241]:[2]: dispatch to task 12.
[11883249]:[2]: enter to cyclic handler 4.
[11883250]:[2]: enter to iact_tsk tskid=10.
[11883253]:[2]: task 10 becomes RUNNABLE.
[11883254]:[2]: leave from iact_tsk ercd=0.
[11883256]:[2]: enter to iact_tsk tskid=11.
[11883258]:[2]: task 11 becomes RUNNABLE.
[11883259]:[2]: leave from iact_tsk ercd=0.
[11883261]:[2]: leave from cyclic handler 4.
[11883264]:[2]: dispatch from task 12.
[11883267]:[2]: dispatch to task 10.
[11894055]:[2]: enter to ext_tsk.
[11894058]:[2]: task 10 becomes DORMANT.
[11894059]:[2]: dispatch from task 10.
[11894062]:[2]: dispatch to task 11.
[11894070]:[2]: dispatch from task 11.
[11894070]:[2]: dispatch to task 13.
[11894070]:[1]: enter to isig_sem semid=5.
[11894073]:[1]: task 5 becomes RUNNABLE.
[11894074]:[1]: leave from isig_sem ercd=0.
[11894077]:[1]: dispatch from task 6.
[11894079]:[1]: dispatch to task 5.
[11894081]:[1]: leave from wai_sem ercd=0.
[11894083]:[1]: enter to rsm_tsk tskid=7.
[11894084]:[1]: task 7 becomes RUNNABLE.
[11894085]:[1]: leave from rsm_tsk ercd=0.
[11894087]:[1]: enter to sus_tsk tskid=6.
[11894088]:[1]: task 6 becomes SUSPENDED.
[11894090]:[1]: leave from sus_tsk ercd=0.
[11894091]:[1]: enter to wai_sem semid=5.
[11894093]:[1]: task 5 becomes WAITING.
[11894095]:[1]: dispatch from task 5.
[11894097]:[1]: dispatch to task 7.
[11894097]:[2]: dispatch from task 13.
[11894097]:[2]: dispatch to task 11.
[11915678]:[2]: enter to ext_tsk.
[11915681]:[2]: task 11 becomes DORMANT.
[11915683]:[2]: dispatch from task 11.
[11915684]:[2]: dispatch to task 12.
[11915692]:[2]: dispatch from task 12.
[11915692]:[2]: dispatch to task 13.
[11915692]:[1]: enter to isig_sem semid=5.
[11915694]:[1]: task 5 becomes RUNNABLE.
[11915695]:[1]: leave from isig_sem ercd=0.
[11915699]:[1]: dispatch from task 7.
[11915701]:[1]: dispatch to task 5.
[11915702]:[1]: leave from wai_sem ercd=0.
[11915704]:[1]: enter to sus_tsk tskid=7.
[11915705]:[1]: task 7 becomes SUSPENDED.
[11915707]:[1]: leave from sus_tsk ercd=0.
[11915708]:[1]: enter to wai_sem semid=5.
[11915711]:[1]: task 5 becomes WAITING.
[11915712]:[1]: dispatch from task 5.
[11915714]:[1]: dispatch to task 4.
[11927115]:[1]: enter to cyclic handler 1.
[11927116]:[1]: enter to iact_tsk tskid=2.
[11927118]:[1]: task 2 becomes RUNNABLE.
[11927120]:[1]: leave from iact_tsk ercd=0.
[11927121]:[1]: leave from cyclic handler 1.
[11927126]:[1]: dispatch from task 4.
[11927128]:[1]: dispatch to task 2.
[11933216]:[1]: enter to isig_sem semid=5.
[11933218]:[1]: task 5 becomes RUNNABLE.
[11933219]:[1]: leave from isig_sem ercd=0.
[11937898]:[1]: enter to ext_tsk.
[11937901]:[1]: task 2 becomes DORMANT.
[11937902]:[1]: dispatch from task 2.
[11937903]:[1]: dispatch to task 5.
[11937905]:[1]: leave from wai_sem ercd=0.
[11937907]:[1]: enter to rsm_tsk tskid=6.
[11937908]:[1]: task 6 becomes RUNNABLE.
[11937910]:[1]: leave from rsm_tsk ercd=0.
[11937911]:[1]: enter to wai_sem semid=5.
[11937913]:[1]: task 5 becomes WAITING.
[11937915]:[1]: dispatch from task 5.
[11937916]:[1]: dispatch to task 6.
[11937916]:[2]: dispatch from task 13.
[11937916]:[2]: dispatch to task 12.
[11937930]:[2]: dispatch from task 12.
[11937930]:[2]: dispatch to task 13.
[11937930]:[1]: enter to isig_sem semid=5.
[11937932]:[1]: task 5 becomes RUNNABLE.
[11937934]:[1]: leave from isig_sem ercd=0.
[11937936]:[1]: dispatch from task 6.
[11937938]:[1]: dispatch to task 5.
[11937939]:[1]: leave from wai_sem ercd=0.
[11937941]:[1]: enter to sus_tsk tskid=6.
[11937943]:[1]: task 6 becomes SUSPENDED.
[11937944]:[1]: leave from sus_tsk ercd=0.
[11937946]:[1]: enter to wai_sem semid=5.
[11937948]:[1]: task 5 becomes WAITING.
[11937949]:[1]: dispatch from task 5.
[11937951]:[1]: dispatch to task 4.
[11983213]:[1]: enter to isig_sem semid=5.
[11983214]:[1]: task 5 becomes RUNNABLE.
[11983216]:[1]: leave from isig_sem ercd=0.
[11983219]:[1]: dispatch from task 4.
[11983220]:[1]: dispatch to task 5.
[11983222]:[1]: leave from wai_sem ercd=0.
[11983224]:[1]: enter to rsm_tsk tskid=6.
[11983225]:[1]: task 6 becomes RUNNABLE.
[11983227]:[1]: leave from rsm_tsk ercd=0.
[11983228]:[1]: enter to wai_sem semid=5.
[11983230]:[1]: task 5 becomes WAITING.
[11983232]:[1]: dispatch from task 5.
[11983233]:[1]: dispatch to task 6.
[11983233]:[2]: dispatch from task 13.
[11983233]:[2]: dispatch to task 12.
[11983245]:[2]: dispatch from task 12.
[11983245]:[2]: dispatch to task 13.
[11983245]:[1]: enter to isig_sem semid=5.
[11983247]:[1]: task 5 becomes RUNNABLE.
[11983248]:[1]: leave from isig_sem ercd=0.
[11983251]:[1]: dispatch from task 6.
[11983253]:[1]: dispatch to task 5.
[11983254]:[1]: leave from wai_sem ercd=0.
[11983256]:[1]: enter to sus_tsk tskid=6.
[11983257]:[1]: task 6 becomes SUSPENDED.
[11983259]:[1]: leave from sus_tsk ercd=0.
[11983260]:[1]: enter to wai_sem semid=5.
[11983263]:[1]: task 5 becomes WAITING.
[11983264]:[1]: dispatch from task 5.
[11983265]:[1]: dispatch to task 4.
[11999744]:[1]: enter to ext_tsk.
[11999746]:[1]: task 4 becomes DORMANT.
[11999748]:[1]: dispatch from task 4.
[11999750]:[1]: dispatch to task 8.
[11999750]:[2]: dispatch from task 13.
[11999750]:[2]: dispatch to task 12.
[12027107]:[2]: dispatch from task 12.
[12027107]:[2]: dispatch to task 13.
[12027107]:[1]: enter to cyclic handler 2.
[12027109]:[1]: leave from cyclic handler 2.
[12027113]:[1]: enter to cyclic handler 1.
[12027114]:[1]: enter to iact_tsk tskid=2.
[12027116]:[1]: task 2 becomes RUNNABLE.
[12027117]:[1]: leave from iact_tsk ercd=0.
[12027119]:[1]: enter to iact_tsk tskid=3.
[12027120]:[1]: task 3 becomes RUNNABLE.
[12027122]:[1]: leave from iact_tsk ercd=0.
[12027123]:[1]: enter to iact_tsk tskid=4.
[12027125]:[1]: task 4 becomes RUNNABLE.
[12027126]:[1]: leave from iact_tsk ercd=0.
[12027127]:[1]: leave from cyclic handler 1.
[12027132]:[1]: enter to cyclic handler 3.
[12027133]:[1]: leave from cyclic handler 3.
[12027138]:[1]: dispatch from task 8.
[12027140]:[1]: dispatch to task 2.
[12033210]:[1]: enter to isig_sem semid=5.
[12033211]:[1]: task 5 becomes RUNNABLE.
[12033213]:[1]: leave from isig_sem ercd=0.
[12037909]:[1]: enter to ext_tsk.
[12037912]:[1]: task 2 becomes DORMANT.
[12037913]:[1]: dispatch from task 2.
[12037914]:[1]: dispatch to task 5.
[12037916]:[1]: leave from wai_sem ercd=0.
[12037918]:[1]: enter to rsm_tsk tskid=6.
[12037919]:[1]: task 6 becomes RUNNABLE.
[12037921]:[1]: leave from rsm_tsk ercd=0.
[12037922]:[1]: enter to wai_sem semid=5.
[12037924]:[1]: task 5 becomes WAITING.
[12037926]:[1]: dispatch from task 5.
[12037928]:[1]: dispatch to task 6.
[12037928]:[2]: dispatch from task 13.
[12037928]:[2]: dispatch to task 12.
[12037936]:[2]: enter to cyclic handler 4.
[12037937]:[2]: enter to iact_tsk tskid=10.
[12037940]:[2]: task 10 becomes RUNNABLE.
[12037941]:[2]: leave from iact_tsk ercd=0.
[12037943]:[2]: leave from cyclic handler 4.
[12037946]:[2]: dispatch from task 12.
[12037949]:[2]: dispatch to task 10.
[12048741]:[2]: enter to ext_tsk.
[12048744]:[2]: task 10 becomes DORMANT.
[12048745]:[2]: dispatch from task 10.
[12048747]:[2]: dispatch to task 12.
[12048756]:[2]: dispatch from task 12.
[12048756]:[2]: dispatch to task 13.
[12048756]:[1]: enter to isig_sem semid=5.
[12048758]:[1]: task 5 becomes RUNNABLE.
[12048759]:[1]: leave from isig_sem ercd=0.
[12048762]:[1]: dispatch from task 6.
[12048763]:[1]: dispatch to task 5.
[12048765]:[1]: leave from wai_sem ercd=0.
[12048767]:[1]: enter to sus_tsk tskid=6.
[12048768]:[1]: task 6 becomes SUSPENDED.
[12048770]:[1]: leave from sus_tsk ercd=0.
[12048771]:[1]: enter to wai_sem semid=5.
[12048774]:[1]: task 5 becomes WAITING.
[12048775]:[1]: dispatch from task 5.
[12048777]:[1]: dispatch to task 3.
[12081056]:[1]: enter to ext_tsk.
[12081058]:[1]: task 3 becomes DORMANT.
[12081060]:[1]: dispatch from task 3.
[12081062]:[1]: dispatch to task 4.
[12083207]:[1]: enter to isig_sem semid=5.
[12083208]:[1]: task 5 becomes RUNNABLE.
[12083210]:[1]: leave from isig_sem ercd=0.
[12083213]:[1]: dispatch from task 4.
[12083214]:[1]: dispatch to task 5.
[12083216]:[1]: leave from wai_sem ercd=0.
[12083218]:[1]: enter to rsm_tsk tskid=6.
[12083219]:[1]: task 6 becomes RUNNABLE.
[12083221]:[1]: leave from rsm_tsk ercd=0.
[12083222]:[1]: enter to wai_sem semid=5.
[12083225]:[1]: task 5 becomes WAITING.
[12083226]:[1]: dispatch from task 5.
[12083227]:[1]: dispatch to task 6.
[12083227]:[2]: dispatch from task 13.
[12083227]:[2]: dispatch to task 12.
[12083240]:[2]: dispatch from task 12.
[12083240]:[2]: dispatch to task 13.
[12083240]:[1]: enter to isig_sem semid=5.
[12083243]:[1]: task 5 becomes RUNNABLE.
[12083244]:[1]: leave from isig_sem ercd=0.
[12083247]:[1]: dispatch from task 6.
[12083248]:[1]: dispatch to task 5.
[12083250]:[1]: leave from wai_sem ercd=0.
[12083252]:[1]: enter to sus_tsk tskid=6.
[12083253]:[1]: task 6 becomes SUSPENDED.
[12083255]:[1]: leave from sus_tsk ercd=0.
[12083256]:[1]: enter to wai_sem semid=5.
[12083258]:[1]: task 5 becomes WAITING.
[12083260]:[1]: dispatch from task 5.
[12083261]:[1]: dispatch to task 4.
[12127098]:[1]: enter to cyclic handler 1.
[12127099]:[1]: enter to iact_tsk tskid=2.
[12127101]:[1]: task 2 becomes RUNNABLE.
[12127103]:[1]: leave from iact_tsk ercd=0.
[12127104]:[1]: leave from cyclic handler 1.
[12127109]:[1]: dispatch from task 4.
[12127111]:[1]: dispatch to task 2.
[12133203]:[1]: enter to isig_sem semid=5.
[12133205]:[1]: task 5 becomes RUNNABLE.
[12133207]:[1]: leave from isig_sem ercd=0.
[12137881]:[1]: enter to ext_tsk.
[12137884]:[1]: task 2 becomes DORMANT.
[12137885]:[1]: dispatch from task 2.
[12137886]:[1]: dispatch to task 5.
[12137888]:[1]: leave from wai_sem ercd=0.
[12137890]:[1]: enter to rsm_tsk tskid=6.
[12137891]:[1]: task 6 becomes RUNNABLE.
[12137893]:[1]: leave from rsm_tsk ercd=0.
[12137894]:[1]: enter to wai_sem semid=5.
[12137896]:[1]: task 5 becomes WAITING.
[12137898]:[1]: dispatch from task 5.
[12137899]:[1]: dispatch to task 6.
[12137899]:[2]: dispatch from task 13.
[12137899]:[2]: dispatch to task 12.
[12137912]:[2]: dispatch from task 12.
[12137912]:[2]: dispatch to task 13.
[12137912]:[1]: enter to isig_sem semid=5.
[12137914]:[1]: task 5 becomes RUNNABLE.
[12137915]:[1]: leave from isig_sem ercd=0.
[12137918]:[1]: dispatch from task 6.
[12137920]:[1]: dispatch to task 5.
[12137921]:[1]: leave from wai_sem ercd=0.
[12137923]:[1]: enter to sus_tsk tskid=6.
[12137924]:[1]: task 6 becomes SUSPENDED.
[12137926]:[1]: leave from sus_tsk ercd=0.
[12137927]:[1]: enter to wai_sem semid=5.
[12137930]:[1]: task 5 becomes WAITING.
[12137931]:[1]: dispatch from task 5.
[12137932]:[1]: dispatch to task 4.
[12177094]:[1]: enter to cyclic handler 2.
[12177096]:[1]: leave from cyclic handler 2.
[12178048]:[1]: enter to ext_tsk.
[12178051]:[1]: task 4 becomes DORMANT.
[12178052]:[1]: dispatch from task 4.
[12178054]:[1]: dispatch to task 8.
[12178054]:[2]: dispatch from task 13.
[12178054]:[2]: dispatch to task 12.
[12183201]:[2]: dispatch from task 12.
[12183201]:[2]: dispatch to task 13.
[12183201]:[1]: enter to isig_sem semid=5.
[12183203]:[1]: task 5 becomes RUNNABLE.
[12183205]:[1]: leave from isig_sem ercd=0.
[12183207]:[1]: dispatch from task 8.
[12183209]:[1]: dispatch to task 5.
[12183210]:[1]: leave from wai_sem ercd=0.
[12183212]:[1]: enter to rsm_tsk tskid=6.
[12183214]:[1]: task 6 becomes RUNNABLE.
[12183215]:[1]: leave from rsm_tsk ercd=0.
[12183216]:[1]: enter to wai_sem semid=5.
[12183219]:[1]: task 5 becomes WAITING.
[12183220]:[1]: dispatch from task 5.
[12183222]:[1]: dispatch to task 6.
[12183222]:[2]: dispatch from task 13.
[12183222]:[2]: dispatch to task 12.
[12183229]:[2]: enter to cyclic handler 4.
[12183231]:[2]: enter to iact_tsk tskid=10.
[12183233]:[2]: task 10 becomes RUNNABLE.
[12183234]:[2]: leave from iact_tsk ercd=0.
[12183236]:[2]: enter to iact_tsk tskid=11.
[12183237]:[2]: task 11 becomes RUNNABLE.
[12183239]:[2]: leave from iact_tsk ercd=0.
[12183240]:[2]: leave from cyclic handler 4.
[12183244]:[2]: dispatch from task 12.
[12183246]:[2]: dispatch to task 10.
[12194032]:[2]: enter to ext_tsk.
[12194036]:[2]: task 10 becomes DORMANT.
[12194038]:[2]: dispatch from task 10.
[12194039]:[2]: dispatch to task 11.
[12194047]:[2]: dispatch from task 11.
[12194047]:[2]: dispatch to task 13.
[12194047]:[1]: enter to isig_sem semid=5.
[12194049]:[1]: task 5 becomes RUNNABLE.
[12194051]:[1]: leave from isig_sem ercd=0.
[12194054]:[1]: dispatch from task 6.
[12194055]:[1]: dispatch to task 5.
[12194056]:[1]: leave from wai_sem ercd=0.
[12194058]:[1]: enter to rsm_tsk tskid=7.
[12194060]:[1]: task 7 becomes RUNNABLE.
[12194061]:[1]: leave from rsm_tsk ercd=0.
[12194063]:[1]: enter to sus_tsk tskid=6.
[12194064]:[1]: task 6 becomes SUSPENDED.
[12194066]:[1]: leave from sus_tsk ercd=0.
[12194067]:[1]: enter to wai_sem semid=5.
[12194069]:[1]: task 5 becomes WAITING.
[12194071]:[1]: dispatch from task 5.
[12194072]:[1]: dispatch to task 7.
[12194072]:[2]: dispatch from task 13.
[12194072]:[2]: dispatch to task 11.
[12215652]:[2]: enter to ext_tsk.
[12215655]:[2]: task 11 becomes DORMANT.
[12215657]:[2]: dispatch from task 11.
[12215658]:[2]: dispatch to task 12.
[12215666]:[2]: dispatch from task 12.
[12215666]:[2]: dispatch to task 13.
[12215666]:[1]: enter to isig_sem semid=5.
[12215668]:[1]: task 5 becomes RUNNABLE.
[12215669]:[1]: leave from isig_sem ercd=0.
[12215672]:[1]: dispatch from task 7.
[12215674]:[1]: dispatch to task 5.
[12215675]:[1]: leave from wai_sem ercd=0.
[12215677]:[1]: enter to sus_tsk tskid=7.
[12215678]:[1]: task 7 becomes SUSPENDED.
[12215680]:[1]: leave from sus_tsk ercd=0.
[12215681]:[1]: enter to wai_sem semid=5.
[12215684]:[1]: task 5 becomes WAITING.
[12215685]:[1]: dispatch from task 5.
[12215686]:[1]: dispatch to task 8.
[12215686]:[2]: dispatch from task 13.
[12215686]:[2]: dispatch to task 12.
[12227090]:[2]: dispatch from task 12.
[12227090]:[2]: dispatch to task 13.
[12227090]:[1]: enter to cyclic handler 1.
[12227091]:[1]: enter to iact_tsk tskid=2.
[12227093]:[1]: task 2 becomes RUNNABLE.
[12227095]:[1]: leave from iact_tsk ercd=0.
[12227096]:[1]: enter to iact_tsk tskid=3.
[12227098]:[1]: task 3 becomes RUNNABLE.
[12227099]:[1]: leave from iact_tsk ercd=0.
[12227101]:[1]: enter to iact_tsk tskid=4.
[12227102]:[1]: task 4 becomes RUNNABLE.
[12227104]:[1]: leave from iact_tsk ercd=0.
[12227105]:[1]: leave from cyclic handler 1.
[12227110]:[1]: dispatch from task 8.
[12227112]:[1]: dispatch to task 2.
[12233197]:[1]: enter to isig_sem semid=5.
[12233200]:[1]: task 5 becomes RUNNABLE.
[12233201]:[1]: leave from isig_sem ercd=0.
[12237882]:[1]: enter to ext_tsk.
[12237884]:[1]: task 2 becomes DORMANT.
[12237885]:[1]: dispatch from task 2.
[12237887]:[1]: dispatch to task 5.
[12237888]:[1]: leave from wai_sem ercd=0.
[12237890]:[1]: enter to rsm_tsk tskid=6.
[12237892]:[1]: task 6 becomes RUNNABLE.
[12237893]:[1]: leave from rsm_tsk ercd=0.
[12237894]:[1]: enter to wai_sem semid=5.
[12237897]:[1]: task 5 becomes WAITING.
[12237898]:[1]: dispatch from task 5.
[12237899]:[1]: dispatch to task 6.
[12237899]:[2]: dispatch from task 13.
[12237899]:[2]: dispatch to task 12.
[12237912]:[2]: dispatch from task 12.
[12237912]:[2]: dispatch to task 13.
[12237912]:[1]: enter to isig_sem semid=5.
[12237914]:[1]: task 5 becomes RUNNABLE.
[12237916]:[1]: leave from isig_sem ercd=0.
[12237918]:[1]: dispatch from task 6.
[12237920]:[1]: dispatch to task 5.
[12237921]:[1]: leave from wai_sem ercd=0.
[12237923]:[1]: enter to sus_tsk tskid=6.
[12237925]:[1]: task 6 becomes SUSPENDED.
[12237926]:[1]: leave from sus_tsk ercd=0.
[12237928]:[1]: enter to wai_sem semid=5.
[12237930]:[1]: task 5 becomes WAITING.
[12237931]:[1]: dispatch from task 5.
[12237933]:[1]: dispatch to task 3.
[12270216]:[1]: enter to ext_tsk.
[12270218]:[1]: task 3 becomes DORMANT.
[12270219]:[1]: dispatch from task 3.
[12270221]:[1]: dispatch to task 4.
[12283194]:[1]: enter to isig_sem semid=5.
[12283196]:[1]: task 5 becomes RUNNABLE.
[12283198]:[1]: leave from isig_sem ercd=0.
[12283201]:[1]: dispatch from task 4.
[12283202]:[1]: dispatch to task 5.
[12283204]:[1]: leave from wai_sem ercd=0.
[12283206]:[1]: enter to rsm_tsk tskid=6.
[12283207]:[1]: task 6 becomes RUNNABLE.
[12283209]:[1]: leave from rsm_tsk ercd=0.
[12283210]:[1]: enter to wai_sem semid=5.
[12283212]:[1]: task 5 becomes WAITING.
[12283214]:[1]: dispatch from task 5.
[12283215]:[1]: dispatch to task 6.
[12283215]:[2]: dispatch from task 13.
[12283215]:[2]: dispatch to task 12.
[12283228]:[2]: dispatch from task 12.
[12283228]:[2]: dispatch to task 13.
[12283228]:[1]: enter to isig_sem semid=5.
[12283230]:[1]: task 5 becomes RUNNABLE.
[12283232]:[1]: leave from isig_sem ercd=0.
[12283235]:[1]: dispatch from task 6.
[12283236]:[1]: dispatch to task 5.
[12283237]:[1]: leave from wai_sem ercd=0.
[12283239]:[1]: enter to sus_tsk tskid=6.
[12283241]:[1]: task 6 becomes SUSPENDED.
[12283242]:[1]: leave from sus_tsk ercd=0.
[12283244]:[1]: enter to wai_sem semid=5.
[12283246]:[1]: task 5 becomes WAITING.
[12283248]:[1]: dispatch from task 5.
[12283249]:[1]: dispatch to task 4.
[12327081]:[1]: enter to cyclic handler 2.
[12327083]:[1]: leave from cyclic handler 2.
[12327087]:[1]: enter to cyclic handler 1.
[12327088]:[1]: enter to iact_tsk tskid=2.
[12327090]:[1]: task 2 becomes RUNNABLE.
[12327092]:[1]: leave from iact_tsk ercd=0.
[12327093]:[1]: leave from cyclic handler 1.
[12327097]:[1]: enter to cyclic handler 3.
[12327100]:[1]: leave from cyclic handler 3.
[12327105]:[1]: dispatch from task 4.
[12327107]:[1]: dispatch to task 2.
[12333191]:[1]: enter to isig_sem semid=5.
[12333193]:[1]: task 5 becomes RUNNABLE.
[12333194]:[1]: leave from isig_sem ercd=0.
[12337876]:[1]: enter to ext_tsk.
[12337879]:[1]: task 2 becomes DORMANT.
[12337880]:[1]: dispatch from task 2.
[12337881]:[1]: dispatch to task 5.
[12337883]:[1]: leave from wai_sem ercd=0.
[12337885]:[1]: enter to rsm_tsk tskid=6.
[12337886]:[1]: task 6 becomes RUNNABLE.
[12337888]:[1]: leave from rsm_tsk ercd=0.
[12337889]:[1]: enter to wai_sem semid=5.
[12337891]:[1]: task 5 becomes WAITING.
[12337893]:[1]: dispatch from task 5.
[12337894]:[1]: dispatch to task 6.
[12337894]:[2]: dispatch from task 13.
[12337894]:[2]: dispatch to task 12.
[12337901]:[2]: enter to cyclic handler 4.
[12337903]:[2]: enter to iact_tsk tskid=10.
[12337906]:[2]: task 10 becomes RUNNABLE.
[12337907]:[2]: leave from iact_tsk ercd=0.
[12337908]:[2]: leave from cyclic handler 4.
[12337912]:[2]: dispatch from task 12.
[12337914]:[2]: dispatch to task 10.
[12348706]:[2]: enter to ext_tsk.
[12348710]:[2]: task 10 becomes DORMANT.
[12348712]:[2]: dispatch from task 10.
[12348713]:[2]: dispatch to task 12.
[12348720]:[2]: dispatch from task 12.
[12348720]:[2]: dispatch to task 13.
[12348720]:[1]: enter to isig_sem semid=5.
[12348723]:[1]: task 5 becomes RUNNABLE.
[12348724]:[1]: leave from isig_sem ercd=0.
[12348727]:[1]: dispatch from task 6.
[12348728]:[1]: dispatch to task 5.
[12348730]:[1]: leave from wai_sem ercd=0.
[12348732]:[1]: enter to sus_tsk tskid=6.
[12348733]:[1]: task 6 becomes SUSPENDED.
[12348735]:[1]: leave from sus_tsk ercd=0.
[12348736]:[1]: enter to wai_sem semid=5.
[12348738]:[1]: task 5 becomes WAITING.
[12348740]:[1]: dispatch from task 5.
[12348741]:[1]: dispatch to task 4.
[12378022]:[1]: enter to ext_tsk.
[12378024]:[1]: task 4 becomes DORMANT.
[12378025]:[1]: dispatch from task 4.
[12378027]:[1]: dispatch to task 8.
[12378027]:[2]: dispatch from task 13.
[12378027]:[2]: dispatch to task 12.
[12383189]:[2]: dispatch from task 12.
[12383189]:[2]: dispatch to task 13.
[12383189]:[1]: enter to isig_sem semid=5.
[12383191]:[1]: task 5 becomes RUNNABLE.
[12383193]:[1]: leave from isig_sem ercd=0.
[12383196]:[1]: dispatch from task 8.
[12383197]:[1]: dispatch to task 5.
[12383199]:[1]: leave from wai_sem ercd=0.
[12383201]:[1]: enter to rsm_tsk tskid=6.
[12383202]:[1]: task 6 becomes RUNNABLE.
[12383203]:[1]: leave from rsm_tsk ercd=0.
[12383205]:[1]: enter to wai_sem semid=5.
[12383207]:[1]: task 5 becomes WAITING.
[12383209]:[1]: dispatch from task 5.
[12383210]:[1]: dispatch to task 6.
[12383210]:[2]: dispatch from task 13.
[12383210]:[2]: dispatch to task 12.
[12383223]:[2]: dispatch from task 12.
[12383223]:[2]: dispatch to task 13.
[12383223]:[1]: enter to isig_sem semid=5.
[12383226]:[1]: task 5 becomes RUNNABLE.
[12383227]:[1]: leave from isig_sem ercd=0.
[12383230]:[1]: dispatch from task 6.
[12383231]:[1]: dispatch to task 5.
[12383233]:[1]: leave from wai_sem ercd=0.
[12383235]:[1]: enter to sus_tsk tskid=6.
[12383236]:[1]: task 6 becomes SUSPENDED.
[12383238]:[1]: leave from sus_tsk ercd=0.
[12383239]:[1]: enter to wai_sem semid=5.
[12383241]:[1]: task 5 becomes WAITING.
[12383243]:[1]: dispatch from task 5.
[12383244]:[1]: dispatch to task 8.
[12383244]:[2]: dispatch from task 13.
[12383244]:[2]: dispatch to task 12.
[12427074]:[2]: dispatch from task 12.
[12427074]:[2]: dispatch to task 13.
[12427074]:[1]: enter to cyclic handler 1.
[12427075]:[1]: enter to iact_tsk tskid=2.
[12427077]:[1]: task 2 becomes RUNNABLE.
[12427078]:[1]: leave from iact_tsk ercd=0.
[12427080]:[1]: enter to iact_tsk tskid=3.
[12427081]:[1]: task 3 becomes RUNNABLE.
[12427083]:[1]: leave from iact_tsk ercd=0.
[12427084]:[1]: enter to iact_tsk tskid=4.
[12427086]:[1]: task 4 becomes RUNNABLE.
[12427087]:[1]: leave from iact_tsk ercd=0.
[12427088]:[1]: leave from cyclic handler 1.
[12427093]:[1]: dispatch from task 8.
[12427095]:[1]: dispatch to task 2.
[12433185]:[1]: enter to isig_sem semid=5.
[12433187]:[1]: task 5 becomes RUNNABLE.
[12433189]:[1]: leave from isig_sem ercd=0.
[12437865]:[1]: enter to ext_tsk.
[12437868]:[1]: task 2 becomes DORMANT.
[12437869]:[1]: dispatch from task 2.
[12437871]:[1]: dispatch to task 5.
[12437872]:[1]: leave from wai_sem ercd=0.
[12437874]:[1]: enter to rsm_tsk tskid=6.
[12437875]:[1]: task 6 becomes RUNNABLE.
[12437877]:[1]: leave from rsm_tsk ercd=0.
[12437878]:[1]: enter to wai_sem semid=5.
[12437880]:[1]: task 5 becomes WAITING.
[12437882]:[1]: dispatch from task 5.
[12437883]:[1]: dispatch to task 6.
[12437883]:[2]: dispatch from task 13.
[12437883]:[2]: dispatch to task 12.
[12437896]:[2]: dispatch from task 12.
[12437896]:[2]: dispatch to task 13.
[12437896]:[1]: enter to isig_sem semid=5.
[12437898]:[1]: task 5 becomes RUNNABLE.
[12437900]:[1]: leave from isig_sem ercd=0.
[12437903]:[1]: dispatch from task 6.
[12437904]:[1]: dispatch to task 5.
[12437905]:[1]: leave from wai_sem ercd=0.
[12437907]:[1]: enter to sus_tsk tskid=6.
[12437909]:[1]: task 6 becomes SUSPENDED.
[12437910]:[1]: leave from sus_tsk ercd=0.
[12437912]:[1]: enter to wai_sem semid=5.
[12437914]:[1]: task 5 becomes WAITING.
[12437915]:[1]: dispatch from task 5.
[12437917]:[1]: dispatch to task 3.
[12470200]:[1]: enter to ext_tsk.
[12470202]:[1]: task 3 becomes DORMANT.
[12470203]:[1]: dispatch from task 3.
[12470205]:[1]: dispatch to task 4.
[12477069]:[1]: enter to cyclic handler 2.
[12477070]:[1]: leave from cyclic handler 2.
[12483182]:[1]: enter to isig_sem semid=5.
[12483184]:[1]: task 5 becomes RUNNABLE.
[12483185]:[1]: leave from isig_sem ercd=0.
[12483188]:[1]: dispatch from task 4.
[12483190]:[1]: dispatch to task 5.
[12483191]:[1]: leave from wai_sem ercd=0.
[12483193]:[1]: enter to rsm_tsk tskid=6.
[12483195]:[1]: task 6 becomes RUNNABLE.
[12483196]:[1]: leave from rsm_tsk ercd=0.
[12483197]:[1]: enter to wai_sem semid=5.
[12483200]:[1]: task 5 becomes WAITING.
[12483201]:[1]: dispatch from task 5.
[12483202]:[1]: dispatch to task 6.
[12483202]:[2]: dispatch from task 13.
[12483202]:[2]: dispatch to task 12.
[12483210]:[2]: enter to cyclic handler 4.
[12483211]:[2]: enter to iact_tsk tskid=10.
[12483214]:[2]: task 10 becomes RUNNABLE.
[12483215]:[2]: leave from iact_tsk ercd=0.
[12483217]:[2]: enter to iact_tsk tskid=11.
[12483218]:[2]: task 11 becomes RUNNABLE.
[12483220]:[2]: leave from iact_tsk ercd=0.
[12483221]:[2]: leave from cyclic handler 4.
[12483225]:[2]: dispatch from task 12.
[12483227]:[2]: dispatch to task 10.
[12494013]:[2]: enter to ext_tsk.
[12494016]:[2]: task 10 becomes DORMANT.
[12494017]:[2]: dispatch from task 10.
[12494019]:[2]: dispatch to task 11.
[12494027]:[2]: dispatch from task 11.
[12494027]:[2]: dispatch to task 13.
[12494027]:[1]: enter to isig_sem semid=5.
[12494029]:[1]: task 5 becomes RUNNABLE.
[12494031]:[1]: leave from isig_sem ercd=0.
[12494034]:[1]: dispatch from task 6.
[12494035]:[1]: dispatch to task 5.
[12494036]:[1]: leave from wai_sem ercd=0.
[12494038]:[1]: enter to rsm_tsk tskid=7.
[12494040]:[1]: task 7 becomes RUNNABLE.
[12494041]:[1]: leave from rsm_tsk ercd=0.
[12494043]:[1]: enter to sus_tsk tskid=6.
[12494044]:[1]: task 6 becomes SUSPENDED.
[12494046]:[1]: leave from sus_tsk ercd=0.
[12494047]:[1]: enter to wai_sem semid=5.
[12494049]:[1]: task 5 becomes WAITING.
[12494051]:[1]: dispatch from task 5.
[12494052]:[1]: dispatch to task 7.
[12494052]:[2]: dispatch from task 13.
[12494052]:[2]: dispatch to task 11.
[12515633]:[2]: enter to ext_tsk.
[12515636]:[2]: task 11 becomes DORMANT.
[12515637]:[2]: dispatch from task 11.
[12515639]:[2]: dispatch to task 12.
[12515646]:[2]: dispatch from task 12.
[12515646]:[2]: dispatch to task 13.
[12515646]:[1]: enter to isig_sem semid=5.
[12515648]:[1]: task 5 becomes RUNNABLE.
[12515650]:[1]: leave from isig_sem ercd=0.
[12515652]:[1]: dispatch from task 7.
[12515654]:[1]: dispatch to task 5.
[12515655]:[1]: leave from wai_sem ercd=0.
[12515657]:[1]: enter to sus_tsk tskid=7.
[12515658]:[1]: task 7 becomes SUSPENDED.
[12515660]:[1]: leave from sus_tsk ercd=0.
[12515661]:[1]: enter to wai_sem semid=5.
[12515664]:[1]: task 5 becomes WAITING.
[12515665]:[1]: dispatch from task 5.
[12515667]:[1]: dispatch to task 4.
[12527064]:[1]: enter to cyclic handler 1.
[12527066]:[1]: enter to iact_tsk tskid=2.
[12527068]:[1]: task 2 becomes RUNNABLE.
[12527069]:[1]: leave from iact_tsk ercd=0.
[12527071]:[1]: leave from cyclic handler 1.
[12527076]:[1]: dispatch from task 4.
[12527077]:[1]: dispatch to task 2.
[12533179]:[1]: enter to isig_sem semid=5.
[12533181]:[1]: task 5 becomes RUNNABLE.
[12533183]:[1]: leave from isig_sem ercd=0.
[12537846]:[1]: enter to ext_tsk.
[12537849]:[1]: task 2 becomes DORMANT.
[12537850]:[1]: dispatch from task 2.
[12537852]:[1]: dispatch to task 5.
[12537853]:[1]: leave from wai_sem ercd=0.
[12537855]:[1]: enter to rsm_tsk tskid=6.
[12537856]:[1]: task 6 becomes RUNNABLE.
[12537858]:[1]: leave from rsm_tsk ercd=0.
[12537859]:[1]: enter to wai_sem semid=5.
[12537862]:[1]: task 5 becomes WAITING.
[12537863]:[1]: dispatch from task 5.
[12537864]:[1]: dispatch to task 6.
[12537864]:[2]: dispatch from task 13.
[12537864]:[2]: dispatch to task 12.
[12537877]:[2]: dispatch from task 12.
[12537877]:[2]: dispatch to task 13.
[12537877]:[1]: enter to isig_sem semid=5.
[12537879]:[1]: task 5 becomes RUNNABLE.
[12537881]:[1]: leave from isig_sem ercd=0.
[12537884]:[1]: dispatch from task 6.
[12537885]:[1]: dispatch to task 5.
[12537887]:[1]: leave from wai_sem ercd=0.
[12537888]:[1]: enter to sus_tsk tskid=6.
[12537890]:[1]: task 6 becomes SUSPENDED.
[12537891]:[1]: leave from sus_tsk ercd=0.
[12537893]:[1]: enter to wai_sem semid=5.
[12537895]:[1]: task 5 becomes WAITING.
[12537896]:[1]: dispatch from task 5.
[12537898]:[1]: dispatch to task 4.
[12583176]:[1]: enter to isig_sem semid=5.
[12583178]:[1]: task 5 becomes RUNNABLE.
[12583180]:[1]: leave from isig_sem ercd=0.
[12583182]:[1]: dispatch from task 4.
[12583184]:[1]: dispatch to task 5.
[12583185]:[1]: leave from wai_sem ercd=0.
[12583187]:[1]: enter to rsm_tsk tskid=6.
[12583189]:[1]: task 6 becomes RUNNABLE.
[12583190]:[1]: leave from rsm_tsk ercd=0.
[12583191]:[1]: enter to wai_sem semid=5.
[12583194]:[1]: task 5 becomes WAITING.
[12583195]:[1]: dispatch from task 5.
[12583197]:[1]: dispatch to task 6.
[12583197]:[2]: dispatch from task 13.
[12583197]:[2]: dispatch to task 12.
[12583209]:[2]: dispatch from task 12.
[12583209]:[2]: dispatch to task 13.
[12583209]:[1]: enter to isig_sem semid=5.
[12583211]:[1]: task 5 becomes RUNNABLE.
[12583212]:[1]: leave from isig_sem ercd=0.
[12583215]:[1]: dispatch from task 6.
[12583216]:[1]: dispatch to task 5.
[12583218]:[1]: leave from wai_sem ercd=0.
[12583220]:[1]: enter to sus_tsk tskid=6.
[12583221]:[1]: task 6 becomes SUSPENDED.
[12583223]:[1]: leave from sus_tsk ercd=0.
[12583224]:[1]: enter to wai_sem semid=5.
[12583226]:[1]: task 5 becomes WAITING.
[12583228]:[1]: dispatch from task 5.
[12583229]:[1]: dispatch to task 4.
[12599679]:[1]: enter to ext_tsk.
[12599682]:[1]: task 4 becomes DORMANT.
[12599683]:[1]: dispatch from task 4.
[12599685]:[1]: dispatch to task 8.
[12599685]:[2]: dispatch from task 13.
[12599685]:[2]: dispatch to task 12.
[12627057]:[2]: dispatch from task 12.
[12627057]:[2]: dispatch to task 13.
[12627057]:[1]: enter to cyclic handler 2.
[12627059]:[1]: leave from cyclic handler 2.
[12627063]:[1]: enter to cyclic handler 1.
[12627065]:[1]: enter to iact_tsk tskid=2.
[12627066]:[1]: task 2 becomes RUNNABLE.
[12627068]:[1]: leave from iact_tsk ercd=0.
[12627069]:[1]: enter to iact_tsk tskid=3.
[12627071]:[1]: task 3 becomes RUNNABLE.
[12627072]:[1]: leave from iact_tsk ercd=0.
[12627074]:[1]: enter to iact_tsk tskid=4.
[12627075]:[1]: task 4 becomes RUNNABLE.
[12627077]:[1]: leave from iact_tsk ercd=0.
[12627078]:[1]: leave from cyclic handler 1.
[12627082]:[1]: enter to cyclic handler 3.
[12627084]:[1]: leave from cyclic handler 3.
[12627089]:[1]: dispatch from task 8.
[12627090]:[1]: dispatch to task 2.
[12633173]:[1]: enter to isig_sem semid=5.
[12633175]:[1]: task 5 becomes RUNNABLE.
[12633177]:[1]: leave from isig_sem ercd=0.
[12637860]:[1]: enter to ext_tsk.
[12637863]:[1]: task 2 becomes DORMANT.
[12637865]:[1]: dispatch from task 2.
[12637866]:[1]: dispatch to task 5.
[12637867]:[1]: leave from wai_sem ercd=0.
[12637869]:[1]: enter to rsm_tsk tskid=6.
[12637871]:[1]: task 6 becomes RUNNABLE.
[12637872]:[1]: leave from rsm_tsk ercd=0.
[12637873]:[1]: enter to wai_sem semid=5.
[12637876]:[1]: task 5 becomes WAITING.
[12637877]:[1]: dispatch from task 5.
[12637878]:[1]: dispatch to task 6.
[12637878]:[2]: dispatch from task 13.
[12637878]:[2]: dispatch to task 12.
[12637886]:[2]: enter to cyclic handler 4.
[12637888]:[2]: enter to iact_tsk tskid=10.
[12637890]:[2]: task 10 becomes RUNNABLE.
[12637891]:[2]: leave from iact_tsk ercd=0.
[12637893]:[2]: leave from cyclic handler 4.
[12637896]:[2]: dispatch from task 12.
[12637898]:[2]: dispatch to task 10.
[12648691]:[2]: enter to ext_tsk.
[12648693]:[2]: task 10 becomes DORMANT.
[12648695]:[2]: dispatch from task 10.
[12648696]:[2]: dispatch to task 12.
[12648704]:[2]: dispatch from task 12.
[12648704]:[2]: dispatch to task 13.
[12648704]:[1]: enter to isig_sem semid=5.
[12648706]:[1]: task 5 becomes RUNNABLE.
[12648707]:[1]: leave from isig_sem ercd=0.
[12648710]:[1]: dispatch from task 6.
[12648711]:[1]: dispatch to task 5.
[12648713]:[1]: leave from wai_sem ercd=0.
[12648715]:[1]: enter to sus_tsk tskid=6.
[12648716]:[1]: task 6 becomes SUSPENDED.
[12648718]:[1]: leave from sus_tsk ercd=0.
[12648719]:[1]: enter to wai_sem semid=5.
[12648722]:[1]: task 5 becomes WAITING.
[12648723]:[1]: dispatch from task 5.
[12648724]:[1]: dispatch to task 3.
[12681003]:[1]: enter to ext_tsk.
[12681006]:[1]: task 3 becomes DORMANT.
[12681007]:[1]: dispatch from task 3.
[12681009]:[1]: dispatch to task 4.
[12683170]:[1]: enter to isig_sem semid=5.
[12683172]:[1]: task 5 becomes RUNNABLE.
[12683173]:[1]: leave from isig_sem ercd=0.
[12683177]:[1]: dispatch from task 4.
[12683178]:[1]: dispatch to task 5.
[12683180]:[1]: leave from wai_sem ercd=0.
[12683182]:[1]: enter to rsm_tsk tskid=6.
[12683183]:[1]: task 6 becomes RUNNABLE.
[12683185]:[1]: leave from rsm_tsk ercd=0.
[12683186]:[1]: enter to wai_sem semid=5.
[12683188]:[1]: task 5 becomes WAITING.
[12683190]:[1]: dispatch from task 5.
[12683191]:[1]: dispatch to task 6.
[12683191]:[2]: dispatch from task 13.
[12683191]:[2]: dispatch to task 12.
[12683204]:[2]: dispatch from task 12.
[12683204]:[2]: dispatch to task 13.
[12683204]:[1]: enter to isig_sem semid=5.
[12683207]:[1]: task 5 becomes RUNNABLE.
[12683208]:[1]: leave from isig_sem ercd=0.
[12683211]:[1]: dispatch from task 6.
[12683212]:[1]: dispatch to task 5.
[12683214]:[1]: leave from wai_sem ercd=0.
[12683216]:[1]: enter to sus_tsk tskid=6.
[12683217]:[1]: task 6 becomes SUSPENDED.
[12683219]:[1]: leave from sus_tsk ercd=0.
[12683220]:[1]: enter to wai_sem semid=5.
[12683222]:[1]: task 5 becomes WAITING.
[12683224]:[1]: dispatch from task 5.
[12683225]:[1]: dispatch to task 4.
[12727048]:[1]: enter to cyclic handler 1.
[12727049]:[1]: enter to iact_tsk tskid=2.
[12727051]:[1]: task 2 becomes RUNNABLE.
[12727053]:[1]: leave from iact_tsk ercd=0.
[12727054]:[1]: leave from cyclic handler 1.
[12727059]:[1]: dispatch from task 4.
[12727061]:[1]: dispatch to task 2.
[12733167]:[1]: enter to isig_sem semid=5.
[12733168]:[1]: task 5 becomes RUNNABLE.
[12733170]:[1]: leave from isig_sem ercd=0.
[12737831]:[1]: enter to ext_tsk.
[12737834]:[1]: task 2 becomes DORMANT.
[12737835]:[1]: dispatch from task 2.
[12737836]:[1]: dispatch to task 5.
[12737838]:[1]: leave from wai_sem ercd=0.
[12737840]:[1]: enter to rsm_tsk tskid=6.
[12737841]:[1]: task 6 becomes RUNNABLE.
[12737843]:[1]: leave from rsm_tsk ercd=0.
[12737844]:[1]: enter to wai_sem semid=5.
[12737846]:[1]: task 5 becomes WAITING.
[12737848]:[1]: dispatch from task 5.
[12737849]:[1]: dispatch to task 6.
[12737849]:[2]: dispatch from task 13.
[12737849]:[2]: dispatch to task 12.
[12737862]:[2]: dispatch from task 12.
[12737862]:[2]: dispatch to task 13.
[12737862]:[1]: enter to isig_sem semid=5.
[12737864]:[1]: task 5 becomes RUNNABLE.
[12737865]:[1]: leave from isig_sem ercd=0.
[12737868]:[1]: dispatch from task 6.
[12737870]:[1]: dispatch to task 5.
[12737871]:[1]: leave from wai_sem ercd=0.
[12737873]:[1]: enter to sus_tsk tskid=6.
[12737875]:[1]: task 6 becomes SUSPENDED.
[12737876]:[1]: leave from sus_tsk ercd=0.
[12737878]:[1]: enter to wai_sem semid=5.
[12737880]:[1]: task 5 becomes WAITING.
[12737881]:[1]: dispatch from task 5.
[12737883]:[1]: dispatch to task 4.
[12777044]:[1]: enter to cyclic handler 2.
[12777046]:[1]: leave from cyclic handler 2.
[12777998]:[1]: enter to ext_tsk.
[12778001]:[1]: task 4 becomes DORMANT.
[12778002]:[1]: dispatch from task 4.
[12778004]:[1]: dispatch to task 8.
[12778004]:[2]: dispatch from task 13.
[12778004]:[2]: dispatch to task 12.
[12783164]:[2]: dispatch from task 12.
[12783164]:[2]: dispatch to task 13.
[12783164]:[1]: enter to isig_sem semid=5.
[12783167]:[1]: task 5 becomes RUNNABLE.
[12783168]:[1]: leave from isig_sem ercd=0.
[12783171]:[1]: dispatch from task 8.
[12783172]:[1]: dispatch to task 5.
[12783174]:[1]: leave from wai_sem ercd=0.
[12783176]:[1]: enter to rsm_tsk tskid=6.
[12783177]:[1]: task 6 becomes RUNNABLE.
[12783179]:[1]: leave from rsm_tsk ercd=0.
[12783180]:[1]: enter to wai_sem semid=5.
[12783182]:[1]: task 5 becomes WAITING.
[12783184]:[1]: dispatch from task 5.
[12783186]:[1]: dispatch to task 6.
[12783186]:[2]: dispatch from task 13.
[12783186]:[2]: dispatch to task 12.
[12783193]:[2]: enter to cyclic handler 4.
[12783194]:[2]: enter to iact_tsk tskid=10.
[12783197]:[2]: task 10 becomes RUNNABLE.
[12783199]:[2]: leave from iact_tsk ercd=0.
[12783200]:[2]: enter to iact_tsk tskid=11.
[12783202]:[2]: task 11 becomes RUNNABLE.
[12783203]:[2]: leave from iact_tsk ercd=0.
[12783205]:[2]: leave from cyclic handler 4.
[12783208]:[2]: dispatch from task 12.
[12783210]:[2]: dispatch to task 10.
[12793997]:[2]: enter to ext_tsk.
[12794000]:[2]: task 10 becomes DORMANT.
[12794001]:[2]: dispatch from task 10.
[12794003]:[2]: dispatch to task 11.
[12794011]:[2]: dispatch from task 11.
[12794011]:[2]: dispatch to task 13.
[12794011]:[1]: enter to isig_sem semid=5.
[12794013]:[1]: task 5 becomes RUNNABLE.
[12794014]:[1]: leave from isig_sem ercd=0.
[12794017]:[1]: dispatch from task 6.
[12794019]:[1]: dispatch to task 5.
[12794020]:[1]: leave from wai_sem ercd=0.
[12794022]:[1]: enter to rsm_tsk tskid=7.
[12794023]:[1]: task 7 becomes RUNNABLE.
[12794025]:[1]: leave from rsm_tsk ercd=0.
[12794026]:[1]: enter to sus_tsk tskid=6.
[12794028]:[1]: task 6 becomes SUSPENDED.
[12794029]:[1]: leave from sus_tsk ercd=0.
[12794031]:[1]: enter to wai_sem semid=5.
[12794033]:[1]: task 5 becomes WAITING.
[12794034]:[1]: dispatch from task 5.
[12794036]:[1]: dispatch to task 7.
[12794036]:[2]: dispatch from task 13.
[12794036]:[2]: dispatch to task 11.
[12815616]:[2]: enter to ext_tsk.
[12815619]:[2]: task 11 becomes DORMANT.
[12815620]:[2]: dispatch from task 11.
[12815622]:[2]: dispatch to task 12.
[12815629]:[2]: dispatch from task 12.
[12815629]:[2]: dispatch to task 13.
[12815629]:[1]: enter to isig_sem semid=5.
[12815632]:[1]: task 5 becomes RUNNABLE.
[12815633]:[1]: leave from isig_sem ercd=0.
[12815636]:[1]: dispatch from task 7.
[12815637]:[1]: dispatch to task 5.
[12815639]:[1]: leave from wai_sem ercd=0.
[12815641]:[1]: enter to sus_tsk tskid=7.
[12815642]:[1]: task 7 becomes SUSPENDED.
[12815644]:[1]: leave from sus_tsk ercd=0.
[12815645]:[1]: enter to wai_sem semid=5.
[12815647]:[1]: task 5 becomes WAITING.
[12815649]:[1]: dispatch from task 5.
[12815650]:[1]: dispatch to task 8.
[12815650]:[2]: dispatch from task 13.
[12815650]:[2]: dispatch to task 12.
[12827040]:[2]: dispatch from task 12.
[12827040]:[2]: dispatch to task 13.
[12827040]:[1]: enter to cyclic handler 1.
[12827041]:[1]: enter to iact_tsk tskid=2.
[12827043]:[1]: task 2 becomes RUNNABLE.
[12827045]:[1]: leave from iact_tsk ercd=0.
[12827046]:[1]: enter to iact_tsk tskid=3.
[12827047]:[1]: task 3 becomes RUNNABLE.
[12827049]:[1]: leave from iact_tsk ercd=0.
[12827050]:[1]: enter to iact_tsk tskid=4.
[12827052]:[1]: task 4 becomes RUNNABLE.
[12827053]:[1]: leave from iact_tsk ercd=0.
[12827055]:[1]: leave from cyclic handler 1.
[12827060]:[1]: dispatch from task 8.
[12827062]:[1]: dispatch to task 2.
[12833160]:[1]: enter to isig_sem semid=5.
[12833163]:[1]: task 5 becomes RUNNABLE.
[12833164]:[1]: leave from isig_sem ercd=0.
[12837832]:[1]: enter to ext_tsk.
[12837834]:[1]: task 2 becomes DORMANT.
[12837835]:[1]: dispatch from task 2.
[12837837]:[1]: dispatch to task 5.
[12837838]:[1]: leave from wai_sem ercd=0.
[12837840]:[1]: enter to rsm_tsk tskid=6.
[12837842]:[1]: task 6 becomes RUNNABLE.
[12837843]:[1]: leave from rsm_tsk ercd=0.
[12837844]:[1]: enter to wai_sem semid=5.
[12837847]:[1]: task 5 becomes WAITING.
[12837848]:[1]: dispatch from task 5.
[12837849]:[1]: dispatch to task 6.
[12837849]:[2]: dispatch from task 13.
[12837849]:[2]: dispatch to task 12.
[12837863]:[2]: dispatch from task 12.
[12837863]:[2]: dispatch to task 13.
[12837863]:[1]: enter to isig_sem semid=5.
[12837865]:[1]: task 5 becomes RUNNABLE.
[12837867]:[1]: leave from isig_sem ercd=0.
[12837869]:[1]: dispatch from task 6.
[12837871]:[1]: dispatch to task 5.
[12837872]:[1]: leave from wai_sem ercd=0.
[12837874]:[1]: enter to sus_tsk tskid=6.
[12837876]:[1]: task 6 becomes SUSPENDED.
[12837877]:[1]: leave from sus_tsk ercd=0.
[12837878]:[1]: enter to wai_sem semid=5.
[12837881]:[1]: task 5 becomes WAITING.
[12837882]:[1]: dispatch from task 5.
[12837884]:[1]: dispatch to task 3.
[12870167]:[1]: enter to ext_tsk.
[12870169]:[1]: task 3 becomes DORMANT.
[12870170]:[1]: dispatch from task 3.
[12870172]:[1]: dispatch to task 4.
[12883157]:[1]: enter to isig_sem semid=5.
[12883159]:[1]: task 5 becomes RUNNABLE.
[12883161]:[1]: leave from isig_sem ercd=0.
[12883164]:[1]: dispatch from task 4.
[12883165]:[1]: dispatch to task 5.
[12883167]:[1]: leave from wai_sem ercd=0.
[12883169]:[1]: enter to rsm_tsk tskid=6.
[12883170]:[1]: task 6 becomes RUNNABLE.
[12883172]:[1]: leave from rsm_tsk ercd=0.
[12883173]:[1]: enter to wai_sem semid=5.
[12883175]:[1]: task 5 becomes WAITING.
[12883177]:[1]: dispatch from task 5.
[12883178]:[1]: dispatch to task 6.
[12883178]:[2]: dispatch from task 13.
[12883178]:[2]: dispatch to task 12.
[12883191]:[2]: dispatch from task 12.
[12883191]:[2]: dispatch to task 13.
[12883191]:[1]: enter to isig_sem semid=5.
[12883193]:[1]: task 5 becomes RUNNABLE.
[12883194]:[1]: leave from isig_sem ercd=0.
[12883197]:[1]: dispatch from task 6.
[12883199]:[1]: dispatch to task 5.
[12883200]:[1]: leave from wai_sem ercd=0.
[12883202]:[1]: enter to sus_tsk tskid=6.
[12883203]:[1]: task 6 becomes SUSPENDED.
[12883205]:[1]: leave from sus_tsk ercd=0.
[12883206]:[1]: enter to wai_sem semid=5.
[12883209]:[1]: task 5 becomes WAITING.
[12883210]:[1]: dispatch from task 5.
[12883212]:[1]: dispatch to task 4.
[12927031]:[1]: enter to cyclic handler 2.
[12927033]:[1]: leave from cyclic handler 2.
[12927037]:[1]: enter to cyclic handler 1.
[12927038]:[1]: enter to iact_tsk tskid=2.
[12927040]:[1]: task 2 becomes RUNNABLE.
[12927042]:[1]: leave from iact_tsk ercd=0.
[12927043]:[1]: leave from cyclic handler 1.
[12927047]:[1]: enter to cyclic handler 3.
[12927049]:[1]: leave from cyclic handler 3.
[12927054]:[1]: dispatch from task 4.
[12927056]:[1]: dispatch to task 2.
[12933154]:[1]: enter to isig_sem semid=5.
[12933156]:[1]: task 5 becomes RUNNABLE.
[12933158]:[1]: leave from isig_sem ercd=0.
[12937825]:[1]: enter to ext_tsk.
[12937828]:[1]: task 2 becomes DORMANT.
[12937829]:[1]: dispatch from task 2.
[12937831]:[1]: dispatch to task 5.
[12937832]:[1]: leave from wai_sem ercd=0.
[12937834]:[1]: enter to rsm_tsk tskid=6.
[12937835]:[1]: task 6 becomes RUNNABLE.
[12937837]:[1]: leave from rsm_tsk ercd=0.
[12937838]:[1]: enter to wai_sem semid=5.
[12937841]:[1]: task 5 becomes WAITING.
[12937842]:[1]: dispatch from task 5.
[12937844]:[1]: dispatch to task 6.
[12937844]:[2]: dispatch from task 13.
[12937844]:[2]: dispatch to task 12.
[12937851]:[2]: enter to cyclic handler 4.
[12937853]:[2]: enter to iact_tsk tskid=10.
[12937855]:[2]: task 10 becomes RUNNABLE.
[12937857]:[2]: leave from iact_tsk ercd=0.
[12937858]:[2]: leave from cyclic handler 4.
[12937862]:[2]: dispatch from task 12.
[12937864]:[2]: dispatch to task 10.
[12948658]:[2]: enter to ext_tsk.
[12948660]:[2]: task 10 becomes DORMANT.
[12948662]:[2]: dispatch from task 10.
[12948663]:[2]: dispatch to task 12.
[12948671]:[2]: dispatch from task 12.
[12948671]:[2]: dispatch to task 13.
[12948671]:[1]: enter to isig_sem semid=5.
[12948673]:[1]: task 5 becomes RUNNABLE.
[12948675]:[1]: leave from isig_sem ercd=0.
[12948677]:[1]: dispatch from task 6.
[12948679]:[1]: dispatch to task 5.
[12948680]:[1]: leave from wai_sem ercd=0.
[12948682]:[1]: enter to sus_tsk tskid=6.
[12948684]:[1]: task 6 becomes SUSPENDED.
[12948685]:[1]: leave from sus_tsk ercd=0.
[12948686]:[1]: enter to wai_sem semid=5.
[12948689]:[1]: task 5 becomes WAITING.
[12948690]:[1]: dispatch from task 5.
[12948692]:[1]: dispatch to task 4.
[12977974]:[1]: enter to ext_tsk.
[12977976]:[1]: task 4 becomes DORMANT.
[12977978]:[1]: dispatch from task 4.
[12977979]:[1]: dispatch to task 8.
[12977979]:[2]: dispatch from task 13.
[12977979]:[2]: dispatch to task 12.
[12983152]:[2]: dispatch from task 12.
[12983152]:[2]: dispatch to task 13.
[12983152]:[1]: enter to isig_sem semid=5.
[12983154]:[1]: task 5 becomes RUNNABLE.
[12983155]:[1]: leave from isig_sem ercd=0.
[12983158]:[1]: dispatch from task 8.
[12983159]:[1]: dispatch to task 5.
[12983161]:[1]: leave from wai_sem ercd=0.
[12983163]:[1]: enter to rsm_tsk tskid=6.
[12983164]:[1]: task 6 becomes RUNNABLE.
[12983166]:[1]: leave from rsm_tsk ercd=0.
[12983167]:[1]: enter to wai_sem semid=5.
[12983169]:[1]: task 5 becomes WAITING.
[12983171]:[1]: dispatch from task 5.
[12983172]:[1]: dispatch to task 6.
[12983172]:[2]: dispatch from task 13.
[12983172]:[2]: dispatch to task 12.
[12983185]:[2]: dispatch from task 12.
[12983185]:[2]: dispatch to task 13.
[12983185]:[1]: enter to isig_sem semid=5.
[12983188]:[1]: task 5 becomes RUNNABLE.
[12983189]:[1]: leave from isig_sem ercd=0.
[12983192]:[1]: dispatch from task 6.
[12983193]:[1]: dispatch to task 5.
[12983195]:[1]: leave from wai_sem ercd=0.
[12983197]:[1]: enter to sus_tsk tskid=6.
[12983198]:[1]: task 6 becomes SUSPENDED.
[12983200]:[1]: leave from sus_tsk ercd=0.
[12983201]:[1]: enter to wai_sem semid=5.
[12983203]:[1]: task 5 becomes WAITING.
[12983205]:[1]: dispatch from task 5.
[12983206]:[1]: dispatch to task 8.
[12983206]:[2]: dispatch from task 13.
[12983206]:[2]: dispatch to task 12.
[13027023]:[2]: dispatch from task 12.
[13027023]:[2]: dispatch to task 13.
[13027023]:[1]: enter to cyclic handler 1.
[13027025]:[1]: enter to iact_tsk tskid=2.
[13027026]:[1]: task 2 becomes RUNNABLE.
[13027028]:[1]: leave from iact_tsk ercd=0.
[13027029]:[1]: enter to iact_tsk tskid=3.
[13027031]:[1]: task 3 becomes RUNNABLE.
[13027032]:[1]: leave from iact_tsk ercd=0.
[13027033]:[1]: enter to iact_tsk tskid=4.
[13027035]:[1]: task 4 becomes RUNNABLE.
[13027037]:[1]: leave from iact_tsk ercd=0.
[13027038]:[1]: leave from cyclic handler 1.
[13027043]:[1]: dispatch from task 8.
[13027045]:[1]: dispatch to task 2.
[13033148]:[1]: enter to isig_sem semid=5.
[13033151]:[1]: task 5 becomes RUNNABLE.
[13033152]:[1]: leave from isig_sem ercd=0.
[13037815]:[1]: enter to ext_tsk.
[13037818]:[1]: task 2 becomes DORMANT.
[13037819]:[1]: dispatch from task 2.
[13037820]:[1]: dispatch to task 5.
[13037822]:[1]: leave from wai_sem ercd=0.
[13037824]:[1]: enter to rsm_tsk tskid=6.
[13037825]:[1]: task 6 becomes RUNNABLE.
[13037827]:[1]: leave from rsm_tsk ercd=0.
[13037828]:[1]: enter to wai_sem semid=5.
[13037830]:[1]: task 5 becomes WAITING.
[13037832]:[1]: dispatch from task 5.
[13037833]:[1]: dispatch to task 6.
[13037833]:[2]: dispatch from task 13.
[13037833]:[2]: dispatch to task 12.
[13037846]:[2]: dispatch from task 12.
[13037846]:[2]: dispatch to task 13.
[13037846]:[1]: enter to isig_sem semid=5.
[13037849]:[1]: task 5 becomes RUNNABLE.
[13037850]:[1]: leave from isig_sem ercd=0.
[13037853]:[1]: dispatch from task 6.
[13037854]:[1]: dispatch to task 5.
[13037856]:[1]: leave from wai_sem ercd=0.
[13037858]:[1]: enter to sus_tsk tskid=6.
[13037859]:[1]: task 6 becomes SUSPENDED.
[13037861]:[1]: leave from sus_tsk ercd=0.
[13037862]:[1]: enter to wai_sem semid=5.
[13037864]:[1]: task 5 becomes WAITING.
[13037866]:[1]: dispatch from task 5.
[13037867]:[1]: dispatch to task 3.
[13070150]:[1]: enter to ext_tsk.
[13070153]:[1]: task 3 becomes DORMANT.
[13070154]:[1]: dispatch from task 3.
[13070155]:[1]: dispatch to task 4.
[13077019]:[1]: enter to cyclic handler 2.
[13077020]:[1]: leave from cyclic handler 2.
[13083145]:[1]: enter to isig_sem semid=5.
[13083147]:[1]: task 5 becomes RUNNABLE.
[13083148]:[1]: leave from isig_sem ercd=0.
[13083151]:[1]: dispatch from task 4.
[13083153]:[1]: dispatch to task 5.
[13083154]:[1]: leave from wai_sem ercd=0.
[13083156]:[1]: enter to rsm_tsk tskid=6.
[13083158]:[1]: task 6 becomes RUNNABLE.
[13083159]:[1]: leave from rsm_tsk ercd=0.
[13083160]:[1]: enter to wai_sem semid=5.
[13083163]:[1]: task 5 becomes WAITING.
[13083164]:[1]: dispatch from task 5.
[13083166]:[1]: dispatch to task 6.
[13083166]:[2]: dispatch from task 13.
[13083166]:[2]: dispatch to task 12.
[13083173]:[2]: enter to cyclic handler 4.
[13083174]:[2]: enter to iact_tsk tskid=10.
[13083177]:[2]: task 10 becomes RUNNABLE.
[13083179]:[2]: leave from iact_tsk ercd=0.
[13083180]:[2]: enter to iact_tsk tskid=11.
[13083182]:[2]: task 11 becomes RUNNABLE.
[13083183]:[2]: leave from iact_tsk ercd=0.
[13083185]:[2]: leave from cyclic handler 4.
[13083188]:[2]: dispatch from task 12.
[13083191]:[2]: dispatch to task 10.
[13093976]:[2]: enter to ext_tsk.
[13093979]:[2]: task 10 becomes DORMANT.
[13093981]:[2]: dispatch from task 10.
[13093983]:[2]: dispatch to task 11.
[13093990]:[2]: dispatch from task 11.
[13093990]:[2]: dispatch to task 13.
[13093990]:[1]: enter to isig_sem semid=5.
[13093993]:[1]: task 5 becomes RUNNABLE.
[13093994]:[1]: leave from isig_sem ercd=0.
[13093997]:[1]: dispatch from task 6.
[13093998]:[1]: dispatch to task 5.
[13094000]:[1]: leave from wai_sem ercd=0.
[13094002]:[1]: enter to rsm_tsk tskid=7.
[13094003]:[1]: task 7 becomes RUNNABLE.
[13094005]:[1]: leave from rsm_tsk ercd=0.
[13094006]:[1]: enter to sus_tsk tskid=6.
[13094007]:[1]: task 6 becomes SUSPENDED.
[13094009]:[1]: leave from sus_tsk ercd=0.
[13094010]:[1]: enter to wai_sem semid=5.
[13094013]:[1]: task 5 becomes WAITING.
[13094014]:[1]: dispatch from task 5.
[13094015]:[1]: dispatch to task 7.
[13094015]:[2]: dispatch from task 13.
[13094015]:[2]: dispatch to task 11.
[13115594]:[2]: enter to ext_tsk.
[13115597]:[2]: task 11 becomes DORMANT.
[13115598]:[2]: dispatch from task 11.
[13115600]:[2]: dispatch to task 12.
[13115608]:[2]: dispatch from task 12.
[13115608]:[2]: dispatch to task 13.
[13115608]:[1]: enter to isig_sem semid=5.
[13115610]:[1]: task 5 becomes RUNNABLE.
[13115611]:[1]: leave from isig_sem ercd=0.
[13115614]:[1]: dispatch from task 7.
[13115616]:[1]: dispatch to task 5.
[13115617]:[1]: leave from wai_sem ercd=0.
[13115619]:[1]: enter to sus_tsk tskid=7.
[13115620]:[1]: task 7 becomes SUSPENDED.
[13115622]:[1]: leave from sus_tsk ercd=0.
[13115623]:[1]: enter to wai_sem semid=5.
[13115626]:[1]: task 5 becomes WAITING.
[13115627]:[1]: dispatch from task 5.
[13115628]:[1]: dispatch to task 4.
[13127014]:[1]: enter to cyclic handler 1.
[13127016]:[1]: enter to iact_tsk tskid=2.
[13127018]:[1]: task 2 becomes RUNNABLE.
[13127019]:[1]: leave from iact_tsk ercd=0.
[13127021]:[1]: leave from cyclic handler 1.
[13127026]:[1]: dispatch from task 4.
[13127028]:[1]: dispatch to task 2.
[13133142]:[1]: enter to isig_sem semid=5.
[13133144]:[1]: task 5 becomes RUNNABLE.
[13133146]:[1]: leave from isig_sem ercd=0.
[13137797]:[1]: enter to ext_tsk.
[13137800]:[1]: task 2 becomes DORMANT.
[13137802]:[1]: dispatch from task 2.
[13137803]:[1]: dispatch to task 5.
[13137804]:[1]: leave from wai_sem ercd=0.
[13137806]:[1]: enter to rsm_tsk tskid=6.
[13137808]:[1]: task 6 becomes RUNNABLE.
[13137809]:[1]: leave from rsm_tsk ercd=0.
[13137811]:[1]: enter to wai_sem semid=5.
[13137813]:[1]: task 5 becomes WAITING.
[13137814]:[1]: dispatch from task 5.
[13137816]:[1]: dispatch to task 6.
[13137816]:[2]: dispatch from task 13.
[13137816]:[2]: dispatch to task 12.
[13137828]:[2]: dispatch from task 12.
[13137828]:[2]: dispatch to task 13.
[13137828]:[1]: enter to isig_sem semid=5.
[13137830]:[1]: task 5 becomes RUNNABLE.
[13137832]:[1]: leave from isig_sem ercd=0.
[13137835]:[1]: dispatch from task 6.
[13137836]:[1]: dispatch to task 5.
[13137837]:[1]: leave from wai_sem ercd=0.
[13137839]:[1]: enter to sus_tsk tskid=6.
[13137841]:[1]: task 6 becomes SUSPENDED.
[13137842]:[1]: leave from sus_tsk ercd=0.
[13137844]:[1]: enter to wai_sem semid=5.
[13137846]:[1]: task 5 becomes WAITING.
[13137847]:[1]: dispatch from task 5.
[13137849]:[1]: dispatch to task 4.
[13183139]:[1]: enter to isig_sem semid=5.
[13183140]:[1]: task 5 becomes RUNNABLE.
[13183142]:[1]: leave from isig_sem ercd=0.
[13183145]:[1]: dispatch from task 4.
[13183146]:[1]: dispatch to task 5.
[13183148]:[1]: leave from wai_sem ercd=0.
[13183150]:[1]: enter to rsm_tsk tskid=6.
[13183151]:[1]: task 6 becomes RUNNABLE.
[13183153]:[1]: leave from rsm_tsk ercd=0.
[13183154]:[1]: enter to wai_sem semid=5.
[13183156]:[1]: task 5 becomes WAITING.
[13183158]:[1]: dispatch from task 5.
[13183159]:[1]: dispatch to task 6.
[13183159]:[2]: dispatch from task 13.
[13183159]:[2]: dispatch to task 12.
[13183171]:[2]: dispatch from task 12.
[13183171]:[2]: dispatch to task 13.
[13183171]:[1]: enter to isig_sem semid=5.
[13183173]:[1]: task 5 becomes RUNNABLE.
[13183175]:[1]: leave from isig_sem ercd=0.
[13183178]:[1]: dispatch from task 6.
[13183179]:[1]: dispatch to task 5.
[13183180]:[1]: leave from wai_sem ercd=0.
[13183182]:[1]: enter to sus_tsk tskid=6.
[13183184]:[1]: task 6 becomes SUSPENDED.
[13183185]:[1]: leave from sus_tsk ercd=0.
[13183187]:[1]: enter to wai_sem semid=5.
[13183189]:[1]: task 5 becomes WAITING.
[13183190]:[1]: dispatch from task 5.
[13183192]:[1]: dispatch to task 4.
[13199628]:[1]: enter to ext_tsk.
[13199630]:[1]: task 4 becomes DORMANT.
[13199632]:[1]: dispatch from task 4.
[13199633]:[1]: dispatch to task 8.
[13199633]:[2]: dispatch from task 13.
[13199633]:[2]: dispatch to task 12.
[13227007]:[2]: dispatch from task 12.
[13227007]:[2]: dispatch to task 13.
[13227007]:[1]: enter to cyclic handler 2.
[13227008]:[1]: leave from cyclic handler 2.
[13227013]:[1]: enter to cyclic handler 1.
[13227014]:[1]: enter to iact_tsk tskid=2.
[13227016]:[1]: task 2 becomes RUNNABLE.
[13227017]:[1]: leave from iact_tsk ercd=0.
[13227019]:[1]: enter to iact_tsk tskid=3.
[13227020]:[1]: task 3 becomes RUNNABLE.
[13227022]:[1]: leave from iact_tsk ercd=0.
[13227023]:[1]: enter to iact_tsk tskid=4.
[13227025]:[1]: task 4 becomes RUNNABLE.
[13227026]:[1]: leave from iact_tsk ercd=0.
[13227027]:[1]: leave from cyclic handler 1.
[13227032]:[1]: enter to cyclic handler 3.
[13227033]:[1]: leave from cyclic handler 3.
[13227038]:[1]: dispatch from task 8.
[13227041]:[1]: dispatch to task 2.
[13233136]:[1]: enter to isig_sem semid=5.
[13233138]:[1]: task 5 becomes RUNNABLE.
[13233140]:[1]: leave from isig_sem ercd=0.
[13237812]:[1]: enter to ext_tsk.
[13237814]:[1]: task 2 becomes DORMANT.
[13237815]:[1]: dispatch from task 2.
[13237817]:[1]: dispatch to task 5.
[13237818]:[1]: leave from wai_sem ercd=0.
[13237820]:[1]: enter to rsm_tsk tskid=6.
[13237822]:[1]: task 6 becomes RUNNABLE.
[13237823]:[1]: leave from rsm_tsk ercd=0.
[13237824]:[1]: enter to wai_sem semid=5.
[13237827]:[1]: task 5 becomes WAITING.
[13237828]:[1]: dispatch from task 5.
[13237830]:[1]: dispatch to task 6.
[13237830]:[2]: dispatch from task 13.
[13237830]:[2]: dispatch to task 12.
[13237837]:[2]: enter to cyclic handler 4.
[13237839]:[2]: enter to iact_tsk tskid=10.
[13237841]:[2]: task 10 becomes RUNNABLE.
[13237843]:[2]: leave from iact_tsk ercd=0.
[13237844]:[2]: leave from cyclic handler 4.
[13237848]:[2]: dispatch from task 12.
[13237850]:[2]: dispatch to task 10.
[13248643]:[2]: enter to ext_tsk.
[13248647]:[2]: task 10 becomes DORMANT.
[13248649]:[2]: dispatch from task 10.
[13248651]:[2]: dispatch to task 12.
[13248658]:[2]: dispatch from task 12.
[13248658]:[2]: dispatch to task 13.
[13248658]:[1]: enter to isig_sem semid=5.
[13248661]:[1]: task 5 becomes RUNNABLE.
[13248662]:[1]: leave from isig_sem ercd=0.
[13248665]:[1]: dispatch from task 6.
[13248667]:[1]: dispatch to task 5.
[13248668]:[1]: leave from wai_sem ercd=0.
[13248670]:[1]: enter to sus_tsk tskid=6.
[13248672]:[1]: task 6 becomes SUSPENDED.
[13248673]:[1]: leave from sus_tsk ercd=0.
[13248674]:[1]: enter to wai_sem semid=5.
[13248677]:[1]: task 5 becomes WAITING.
[13248678]:[1]: dispatch from task 5.
[13248680]:[1]: dispatch to task 3.
[13280959]:[1]: enter to ext_tsk.
[13280961]:[1]: task 3 becomes DORMANT.
[13280962]:[1]: dispatch from task 3.
[13280964]:[1]: dispatch to task 4.
[13283133]:[1]: enter to isig_sem semid=5.
[13283136]:[1]: task 5 becomes RUNNABLE.
[13283137]:[1]: leave from isig_sem ercd=0.
[13283140]:[1]: dispatch from task 4.
[13283141]:[1]: dispatch to task 5.
[13283143]:[1]: leave from wai_sem ercd=0.
[13283145]:[1]: enter to rsm_tsk tskid=6.
[13283146]:[1]: task 6 becomes RUNNABLE.
[13283148]:[1]: leave from rsm_tsk ercd=0.
[13283149]:[1]: enter to wai_sem semid=5.
[13283151]:[1]: task 5 becomes WAITING.
[13283153]:[1]: dispatch from task 5.
[13283154]:[1]: dispatch to task 6.
[13283154]:[2]: dispatch from task 13.
[13283154]:[2]: dispatch to task 12.
[13283167]:[2]: dispatch from task 12.
[13283167]:[2]: dispatch to task 13.
[13283167]:[1]: enter to isig_sem semid=5.
[13283170]:[1]: task 5 becomes RUNNABLE.
[13283171]:[1]: leave from isig_sem ercd=0.
[13283174]:[1]: dispatch from task 6.
[13283175]:[1]: dispatch to task 5.
[13283177]:[1]: leave from wai_sem ercd=0.
[13283179]:[1]: enter to sus_tsk tskid=6.
[13283180]:[1]: task 6 becomes SUSPENDED.
[13283182]:[1]: leave from sus_tsk ercd=0.
[13283183]:[1]: enter to wai_sem semid=5.
[13283185]:[1]: task 5 becomes WAITING.
[13283187]:[1]: dispatch from task 5.
[13283188]:[1]: dispatch to task 4.
[13326998]:[1]: enter to cyclic handler 1.
[13326999]:[1]: enter to iact_tsk tskid=2.
[13327001]:[1]: task 2 becomes RUNNABLE.
[13327003]:[1]: leave from iact_tsk ercd=0.
[13327004]:[1]: leave from cyclic handler 1.
[13327009]:[1]: dispatch from task 4.
[13327011]:[1]: dispatch to task 2.
[13333129]:[1]: enter to isig_sem semid=5.
[13333132]:[1]: task 5 becomes RUNNABLE.
[13333133]:[1]: leave from isig_sem ercd=0.
[13337781]:[1]: enter to ext_tsk.
[13337783]:[1]: task 2 becomes DORMANT.
[13337784]:[1]: dispatch from task 2.
[13337786]:[1]: dispatch to task 5.
[13337787]:[1]: leave from wai_sem ercd=0.
[13337789]:[1]: enter to rsm_tsk tskid=6.
[13337791]:[1]: task 6 becomes RUNNABLE.
[13337792]:[1]: leave from rsm_tsk ercd=0.
[13337793]:[1]: enter to wai_sem semid=5.
[13337796]:[1]: task 5 becomes WAITING.
[13337797]:[1]: dispatch from task 5.
[13337799]:[1]: dispatch to task 6.
[13337799]:[2]: dispatch from task 13.
[13337799]:[2]: dispatch to task 12.
[13337812]:[2]: dispatch from task 12.
[13337812]:[2]: dispatch to task 13.
[13337812]:[1]: enter to isig_sem semid=5.
[13337814]:[1]: task 5 becomes RUNNABLE.
[13337816]:[1]: leave from isig_sem ercd=0.
[13337819]:[1]: dispatch from task 6.
[13337820]:[1]: dispatch to task 5.
[13337821]:[1]: leave from wai_sem ercd=0.
[13337823]:[1]: enter to sus_tsk tskid=6.
[13337825]:[1]: task 6 becomes SUSPENDED.
[13337826]:[1]: leave from sus_tsk ercd=0.
[13337828]:[1]: enter to wai_sem semid=5.
[13337830]:[1]: task 5 becomes WAITING.
[13337831]:[1]: dispatch from task 5.
[13337833]:[1]: dispatch to task 4.
[13376994]:[1]: enter to cyclic handler 2.
[13376995]:[1]: leave from cyclic handler 2.
[13377953]:[1]: enter to ext_tsk.
[13377956]:[1]: task 4 becomes DORMANT.
[13377957]:[1]: dispatch from task 4.
[13377959]:[1]: dispatch to task 8.
[13377959]:[2]: dispatch from task 13.
[13377959]:[2]: dispatch to task 12.
[13383127]:[2]: dispatch from task 12.
[13383127]:[2]: dispatch to task 13.
[13383127]:[1]: enter to isig_sem semid=5.
[13383129]:[1]: task 5 becomes RUNNABLE.
[13383131]:[1]: leave from isig_sem ercd=0.
[13383133]:[1]: dispatch from task 8.
[13383135]:[1]: dispatch to task 5.
[13383136]:[1]: leave from wai_sem ercd=0.
[13383138]:[1]: enter to rsm_tsk tskid=6.
[13383140]:[1]: task 6 becomes RUNNABLE.
[13383141]:[1]: leave from rsm_tsk ercd=0.
[13383143]:[1]: enter to wai_sem semid=5.
[13383145]:[1]: task 5 becomes WAITING.
[13383146]:[1]: dispatch from task 5.
[13383148]:[1]: dispatch to task 6.
[13383148]:[2]: dispatch from task 13.
[13383148]:[2]: dispatch to task 12.
[13383156]:[2]: enter to cyclic handler 4.
[13383158]:[2]: enter to iact_tsk tskid=10.
[13383161]:[2]: task 10 becomes RUNNABLE.
[13383162]:[2]: leave from iact_tsk ercd=0.
[13383164]:[2]: enter to iact_tsk tskid=11.
[13383166]:[2]: task 11 becomes RUNNABLE.
[13383167]:[2]: leave from iact_tsk ercd=0.
[13383169]:[2]: leave from cyclic handler 4.
[13383172]:[2]: dispatch from task 12.
[13383174]:[2]: dispatch to task 10.
[13393960]:[2]: enter to ext_tsk.
[13393963]:[2]: task 10 becomes DORMANT.
[13393964]:[2]: dispatch from task 10.
[13393966]:[2]: dispatch to task 11.
[13393974]:[2]: dispatch from task 11.
[13393974]:[2]: dispatch to task 13.
[13393974]:[1]: enter to isig_sem semid=5.
[13393976]:[1]: task 5 becomes RUNNABLE.
[13393978]:[1]: leave from isig_sem ercd=0.
[13393981]:[1]: dispatch from task 6.
[13393982]:[1]: dispatch to task 5.
[13393984]:[1]: leave from wai_sem ercd=0.
[13393986]:[1]: enter to rsm_tsk tskid=7.
[13393987]:[1]: task 7 becomes RUNNABLE.
[13393993]:[1]: leave from rsm_tsk ercd=0.
[13393994]:[1]: enter to sus_tsk tskid=6.
[13393996]:[1]: task 6 becomes SUSPENDED.
[13393997]:[1]: leave from sus_tsk ercd=0.
[13393998]:[1]: enter to wai_sem semid=5.
[13394001]:[1]: task 5 becomes WAITING.
[13394002]:[1]: dispatch from task 5.
[13394003]:[1]: dispatch to task 7.
[13394003]:[2]: dispatch from task 13.
[13394003]:[2]: dispatch to task 11.
[13415577]:[2]: enter to ext_tsk.
[13415580]:[2]: task 11 becomes DORMANT.
[13415581]:[2]: dispatch from task 11.
[13415583]:[2]: dispatch to task 12.
[13415591]:[2]: dispatch from task 12.
[13415591]:[2]: dispatch to task 13.
[13415591]:[1]: enter to isig_sem semid=5.
[13415592]:[1]: task 5 becomes RUNNABLE.
[13415594]:[1]: leave from isig_sem ercd=0.
[13415597]:[1]: dispatch from task 7.
[13415598]:[1]: dispatch to task 5.
[13415600]:[1]: leave from wai_sem ercd=0.
[13415601]:[1]: enter to sus_tsk tskid=7.
[13415603]:[1]: task 7 becomes SUSPENDED.
[13415605]:[1]: leave from sus_tsk ercd=0.
[13415606]:[1]: enter to wai_sem semid=5.
[13415608]:[1]: task 5 becomes WAITING.
[13415610]:[1]: dispatch from task 5.
[13415611]:[1]: dispatch to task 8.
[13415611]:[2]: dispatch from task 13.
[13415611]:[2]: dispatch to task 12.
[13426990]:[2]: dispatch from task 12.
[13426990]:[2]: dispatch to task 13.
[13426990]:[1]: enter to cyclic handler 1.
[13426991]:[1]: enter to iact_tsk tskid=2.
[13426993]:[1]: task 2 becomes RUNNABLE.
[13426995]:[1]: leave from iact_tsk ercd=0.
[13426996]:[1]: enter to iact_tsk tskid=3.
[13426997]:[1]: task 3 becomes RUNNABLE.
[13426999]:[1]: leave from iact_tsk ercd=0.
[13427000]:[1]: enter to iact_tsk tskid=4.
[13427002]:[1]: task 4 becomes RUNNABLE.
[13427003]:[1]: leave from iact_tsk ercd=0.
[13427005]:[1]: leave from cyclic handler 1.
[13427010]:[1]: dispatch from task 8.
[13427012]:[1]: dispatch to task 2.
[13433123]:[1]: enter to isig_sem semid=5.
[13433125]:[1]: task 5 becomes RUNNABLE.
[13433127]:[1]: leave from isig_sem ercd=0.
[13437781]:[1]: enter to ext_tsk.
[13437784]:[1]: task 2 becomes DORMANT.
[13437785]:[1]: dispatch from task 2.
[13437786]:[1]: dispatch to task 5.
[13437788]:[1]: leave from wai_sem ercd=0.
[13437789]:[1]: enter to rsm_tsk tskid=6.
[13437791]:[1]: task 6 becomes RUNNABLE.
[13437792]:[1]: leave from rsm_tsk ercd=0.
[13437794]:[1]: enter to wai_sem semid=5.
[13437796]:[1]: task 5 becomes WAITING.
[13437797]:[1]: dispatch from task 5.
[13437799]:[1]: dispatch to task 6.
[13437799]:[2]: dispatch from task 13.
[13437799]:[2]: dispatch to task 12.
[13437812]:[2]: dispatch from task 12.
[13437812]:[2]: dispatch to task 13.
[13437812]:[1]: enter to isig_sem semid=5.
[13437814]:[1]: task 5 becomes RUNNABLE.
[13437815]:[1]: leave from isig_sem ercd=0.
[13437818]:[1]: dispatch from task 6.
[13437819]:[1]: dispatch to task 5.
[13437821]:[1]: leave from wai_sem ercd=0.
[13437823]:[1]: enter to sus_tsk tskid=6.
[13437824]:[1]: task 6 becomes SUSPENDED.
[13437826]:[1]: leave from sus_tsk ercd=0.
[13437827]:[1]: enter to wai_sem semid=5.
[13437830]:[1]: task 5 becomes WAITING.
[13437831]:[1]: dispatch from task 5.
[13437832]:[1]: dispatch to task 3.
[13470115]:[1]: enter to ext_tsk.
[13470118]:[1]: task 3 becomes DORMANT.
[13470119]:[1]: dispatch from task 3.
[13470121]:[1]: dispatch to task 4.
[13483120]:[1]: enter to isig_sem semid=5.
[13483122]:[1]: task 5 becomes RUNNABLE.
[13483124]:[1]: leave from isig_sem ercd=0.
[13483127]:[1]: dispatch from task 4.
[13483128]:[1]: dispatch to task 5.
[13483130]:[1]: leave from wai_sem ercd=0.
[13483131]:[1]: enter to rsm_tsk tskid=6.
[13483133]:[1]: task 6 becomes RUNNABLE.
[13483134]:[1]: leave from rsm_tsk ercd=0.
[13483136]:[1]: enter to wai_sem semid=5.
[13483138]:[1]: task 5 becomes WAITING.
[13483139]:[1]: dispatch from task 5.
[13483141]:[1]: dispatch to task 6.
[13483141]:[2]: dispatch from task 13.
[13483141]:[2]: dispatch to task 12.
[13483154]:[2]: dispatch from task 12.
[13483154]:[2]: dispatch to task 13.
[13483154]:[1]: enter to isig_sem semid=5.
[13483156]:[1]: task 5 becomes RUNNABLE.
[13483158]:[1]: leave from isig_sem ercd=0.
[13483161]:[1]: dispatch from task 6.
[13483162]:[1]: dispatch to task 5.
[13483164]:[1]: leave from wai_sem ercd=0.
[13483165]:[1]: enter to sus_tsk tskid=6.
[13483167]:[1]: task 6 becomes SUSPENDED.
[13483169]:[1]: leave from sus_tsk ercd=0.
[13483170]:[1]: enter to wai_sem semid=5.
[13483172]:[1]: task 5 becomes WAITING.
[13483174]:[1]: dispatch from task 5.
[13483175]:[1]: dispatch to task 4.
[13526981]:[1]: enter to cyclic handler 2.
[13526983]:[1]: leave from cyclic handler 2.
[13526987]:[1]: enter to cyclic handler 1.
[13526989]:[1]: enter to iact_tsk tskid=2.
[13526990]:[1]: task 2 becomes RUNNABLE.
[13526992]:[1]: leave from iact_tsk ercd=0.
[13526993]:[1]: leave from cyclic handler 1.
[13526997]:[1]: enter to cyclic handler 3.
[13526999]:[1]: leave from cyclic handler 3.
[13527004]:[1]: dispatch from task 4.
[13527006]:[1]: dispatch to task 2.
[13533117]:[1]: enter to isig_sem semid=5.
[13533119]:[1]: task 5 becomes RUNNABLE.
[13533120]:[1]: leave from isig_sem ercd=0.
[13537775]:[1]: enter to ext_tsk.
[13537777]:[1]: task 2 becomes DORMANT.
[13537778]:[1]: dispatch from task 2.
[13537780]:[1]: dispatch to task 5.
[13537781]:[1]: leave from wai_sem ercd=0.
[13537783]:[1]: enter to rsm_tsk tskid=6.
[13537785]:[1]: task 6 becomes RUNNABLE.
[13537786]:[1]: leave from rsm_tsk ercd=0.
[13537787]:[1]: enter to wai_sem semid=5.
[13537790]:[1]: task 5 becomes WAITING.
[13537791]:[1]: dispatch from task 5.
[13537793]:[1]: dispatch to task 6.
[13537793]:[2]: dispatch from task 13.
[13537793]:[2]: dispatch to task 12.
[13537800]:[2]: enter to cyclic handler 4.
[13537801]:[2]: enter to iact_tsk tskid=10.
[13537804]:[2]: task 10 becomes RUNNABLE.
[13537806]:[2]: leave from iact_tsk ercd=0.
[13537807]:[2]: leave from cyclic handler 4.
[13537811]:[2]: dispatch from task 12.
[13537813]:[2]: dispatch to task 10.
[13548606]:[2]: enter to ext_tsk.
[13548609]:[2]: task 10 becomes DORMANT.
[13548611]:[2]: dispatch from task 10.
[13548613]:[2]: dispatch to task 12.
[13548620]:[2]: dispatch from task 12.
[13548620]:[2]: dispatch to task 13.
[13548620]:[1]: enter to isig_sem semid=5.
[13548622]:[1]: task 5 becomes RUNNABLE.
[13548624]:[1]: leave from isig_sem ercd=0.
[13548627]:[1]: dispatch from task 6.
[13548628]:[1]: dispatch to task 5.
[13548630]:[1]: leave from wai_sem ercd=0.
[13548631]:[1]: enter to sus_tsk tskid=6.
[13548633]:[1]: task 6 becomes SUSPENDED.
[13548635]:[1]: leave from sus_tsk ercd=0.
[13548636]:[1]: enter to wai_sem semid=5.
[13548638]:[1]: task 5 becomes WAITING.
[13548640]:[1]: dispatch from task 5.
[13548641]:[1]: dispatch to task 4.
[13577923]:[1]: enter to ext_tsk.
[13577925]:[1]: task 4 becomes DORMANT.
[13577927]:[1]: dispatch from task 4.
[13577928]:[1]: dispatch to task 8.
[13577928]:[2]: dispatch from task 13.
[13577928]:[2]: dispatch to task 12.
[13583115]:[2]: dispatch from task 12.
[13583115]:[2]: dispatch to task 13.
[13583115]:[1]: enter to isig_sem semid=5.
[13583117]:[1]: task 5 becomes RUNNABLE.
[13583119]:[1]: leave from isig_sem ercd=0.
[13583122]:[1]: dispatch from task 8.
[13583123]:[1]: dispatch to task 5.
[13583124]:[1]: leave from wai_sem ercd=0.
[13583126]:[1]: enter to rsm_tsk tskid=6.
[13583128]:[1]: task 6 becomes RUNNABLE.
[13583129]:[1]: leave from rsm_tsk ercd=0.
[13583131]:[1]: enter to wai_sem semid=5.
[13583133]:[1]: task 5 becomes WAITING.
[13583134]:[1]: dispatch from task 5.
[13583136]:[1]: dispatch to task 6.
[13583136]:[2]: dispatch from task 13.
[13583136]:[2]: dispatch to task 12.
[13583149]:[2]: dispatch from task 12.
[13583149]:[2]: dispatch to task 13.
[13583149]:[1]: enter to isig_sem semid=5.
[13583151]:[1]: task 5 becomes RUNNABLE.
[13583153]:[1]: leave from isig_sem ercd=0.
[13583156]:[1]: dispatch from task 6.
[13583157]:[1]: dispatch to task 5.
[13583159]:[1]: leave from wai_sem ercd=0.
[13583161]:[1]: enter to sus_tsk tskid=6.
[13583162]:[1]: task 6 becomes SUSPENDED.
[13583164]:[1]: leave from sus_tsk ercd=0.
[13583165]:[1]: enter to wai_sem semid=5.
[13583167]:[1]: task 5 becomes WAITING.
[13583169]:[1]: dispatch from task 5.
[13583170]:[1]: dispatch to task 8.
[13583170]:[2]: dispatch from task 13.
[13583170]:[2]: dispatch to task 12.
[13626973]:[2]: dispatch from task 12.
[13626973]:[2]: dispatch to task 13.
[13626973]:[1]: enter to cyclic handler 1.
[13626975]:[1]: enter to iact_tsk tskid=2.
[13626976]:[1]: task 2 becomes RUNNABLE.
[13626978]:[1]: leave from iact_tsk ercd=0.
[13626979]:[1]: enter to iact_tsk tskid=3.
[13626981]:[1]: task 3 becomes RUNNABLE.
[13626982]:[1]: leave from iact_tsk ercd=0.
[13626983]:[1]: enter to iact_tsk tskid=4.
[13626985]:[1]: task 4 becomes RUNNABLE.
[13626987]:[1]: leave from iact_tsk ercd=0.
[13626988]:[1]: leave from cyclic handler 1.
[13626993]:[1]: dispatch from task 8.
[13626995]:[1]: dispatch to task 2.
[13633111]:[1]: enter to isig_sem semid=5.
[13633113]:[1]: task 5 becomes RUNNABLE.
[13633114]:[1]: leave from isig_sem ercd=0.
[13637764]:[1]: enter to ext_tsk.
[13637767]:[1]: task 2 becomes DORMANT.
[13637768]:[1]: dispatch from task 2.
[13637769]:[1]: dispatch to task 5.
[13637771]:[1]: leave from wai_sem ercd=0.
[13637773]:[1]: enter to rsm_tsk tskid=6.
[13637774]:[1]: task 6 becomes RUNNABLE.
[13637775]:[1]: leave from rsm_tsk ercd=0.
[13637777]:[1]: enter to wai_sem semid=5.
[13637779]:[1]: task 5 becomes WAITING.
[13637780]:[1]: dispatch from task 5.
[13637782]:[1]: dispatch to task 6.
[13637782]:[2]: dispatch from task 13.
[13637782]:[2]: dispatch to task 12.
[13637795]:[2]: dispatch from task 12.
[13637795]:[2]: dispatch to task 13.
[13637795]:[1]: enter to isig_sem semid=5.
[13637797]:[1]: task 5 becomes RUNNABLE.
[13637799]:[1]: leave from isig_sem ercd=0.
[13637802]:[1]: dispatch from task 6.
[13637803]:[1]: dispatch to task 5.
[13637804]:[1]: leave from wai_sem ercd=0.
[13637806]:[1]: enter to sus_tsk tskid=6.
[13637808]:[1]: task 6 becomes SUSPENDED.
[13637809]:[1]: leave from sus_tsk ercd=0.
[13637811]:[1]: enter to wai_sem semid=5.
[13637813]:[1]: task 5 becomes WAITING.
[13637815]:[1]: dispatch from task 5.
[13637816]:[1]: dispatch to task 3.
[13670099]:[1]: enter to ext_tsk.
[13670101]:[1]: task 3 becomes DORMANT.
[13670102]:[1]: dispatch from task 3.
[13670104]:[1]: dispatch to task 4.
[13676969]:[1]: enter to cyclic handler 2.
[13676971]:[1]: leave from cyclic handler 2.
[13683108]:[1]: enter to isig_sem semid=5.
[13683110]:[1]: task 5 becomes RUNNABLE.
[13683111]:[1]: leave from isig_sem ercd=0.
[13683115]:[1]: dispatch from task 4.
[13683117]:[1]: dispatch to task 5.
[13683118]:[1]: leave from wai_sem ercd=0.
[13683120]:[1]: enter to rsm_tsk tskid=6.
[13683121]:[1]: task 6 becomes RUNNABLE.
[13683123]:[1]: leave from rsm_tsk ercd=0.
[13683124]:[1]: enter to wai_sem semid=5.
[13683127]:[1]: task 5 becomes WAITING.
[13683128]:[1]: dispatch from task 5.
[13683129]:[1]: dispatch to task 6.
[13683129]:[2]: dispatch from task 13.
[13683129]:[2]: dispatch to task 12.
[13683137]:[2]: enter to cyclic handler 4.
[13683138]:[2]: enter to iact_tsk tskid=10.
[13683141]:[2]: task 10 becomes RUNNABLE.
[13683143]:[2]: leave from iact_tsk ercd=0.
[13683145]:[2]: enter to iact_tsk tskid=11.
[13683146]:[2]: task 11 becomes RUNNABLE.
[13683148]:[2]: leave from iact_tsk ercd=0.
[13683149]:[2]: leave from cyclic handler 4.
[13683153]:[2]: dispatch from task 12.
[13683155]:[2]: dispatch to task 10.
[13693942]:[2]: enter to ext_tsk.
[13693945]:[2]: task 10 becomes DORMANT.
[13693947]:[2]: dispatch from task 10.
[13693948]:[2]: dispatch to task 11.
[13693956]:[2]: dispatch from task 11.
[13693956]:[2]: dispatch to task 13.
[13693956]:[1]: enter to isig_sem semid=5.
[13693959]:[1]: task 5 becomes RUNNABLE.
[13693960]:[1]: leave from isig_sem ercd=0.
[13693963]:[1]: dispatch from task 6.
[13693965]:[1]: dispatch to task 5.
[13693970]:[1]: leave from wai_sem ercd=0.
[13693972]:[1]: enter to rsm_tsk tskid=7.
[13693974]:[1]: task 7 becomes RUNNABLE.
[13693975]:[1]: leave from rsm_tsk ercd=0.
[13693976]:[1]: enter to sus_tsk tskid=6.
[13693978]:[1]: task 6 becomes SUSPENDED.
[13693979]:[1]: leave from sus_tsk ercd=0.
[13693981]:[1]: enter to wai_sem semid=5.
[13693983]:[1]: task 5 becomes WAITING.
[13693984]:[1]: dispatch from task 5.
[13693986]:[1]: dispatch to task 7.
[13693986]:[2]: dispatch from task 13.
[13693986]:[2]: dispatch to task 11.
[13715559]:[2]: enter to ext_tsk.
[13715562]:[2]: task 11 becomes DORMANT.
[13715564]:[2]: dispatch from task 11.
[13715566]:[2]: dispatch to task 12.
[13715573]:[2]: dispatch from task 12.
[13715573]:[2]: dispatch to task 13.
[13715573]:[1]: enter to isig_sem semid=5.
[13715575]:[1]: task 5 becomes RUNNABLE.
[13715576]:[1]: leave from isig_sem ercd=0.
[13715579]:[1]: dispatch from task 7.
[13715580]:[1]: dispatch to task 5.
[13715582]:[1]: leave from wai_sem ercd=0.
[13715584]:[1]: enter to sus_tsk tskid=7.
[13715585]:[1]: task 7 becomes SUSPENDED.
[13715587]:[1]: leave from sus_tsk ercd=0.
[13715588]:[1]: enter to wai_sem semid=5.
[13715590]:[1]: task 5 becomes WAITING.
[13715592]:[1]: dispatch from task 5.
[13715593]:[1]: dispatch to task 4.
[13726964]:[1]: enter to cyclic handler 1.
[13726966]:[1]: enter to iact_tsk tskid=2.
[13726968]:[1]: task 2 becomes RUNNABLE.
[13726970]:[1]: leave from iact_tsk ercd=0.
[13726971]:[1]: leave from cyclic handler 1.
[13726976]:[1]: dispatch from task 4.
[13726978]:[1]: dispatch to task 2.
[13733105]:[1]: enter to isig_sem semid=5.
[13733107]:[1]: task 5 becomes RUNNABLE.
[13733108]:[1]: leave from isig_sem ercd=0.
[13737747]:[1]: enter to ext_tsk.
[13737750]:[1]: task 2 becomes DORMANT.
[13737751]:[1]: dispatch from task 2.
[13737752]:[1]: dispatch to task 5.
[13737754]:[1]: leave from wai_sem ercd=0.
[13737756]:[1]: enter to rsm_tsk tskid=6.
[13737757]:[1]: task 6 becomes RUNNABLE.
[13737759]:[1]: leave from rsm_tsk ercd=0.
[13737760]:[1]: enter to wai_sem semid=5.
[13737762]:[1]: task 5 becomes WAITING.
[13737764]:[1]: dispatch from task 5.
[13737765]:[1]: dispatch to task 6.
[13737765]:[2]: dispatch from task 13.
[13737765]:[2]: dispatch to task 12.
[13737774]:[2]: task 9 becomes RUNNABLE.
[13737778]:[2]: dispatch from task 12.
[13737780]:[2]: dispatch to task 9.
[13737784]:[2]: leave from dly_tsk ercd=0.
[13737786]:[2]: enter to stp_cyc cycid=4.
[13737790]:[2]: leave from stp_cyc ercd=0.
[13737797]:[2]: dispatch from task 9.
[13737797]:[2]: dispatch to task 13.
[13737797]:[1]: enter to stp_cyc cycid=2.
[13737801]:[1]: leave from stp_cyc ercd=0.
[13737803]:[1]: enter to stp_cyc cycid=3.
[13737805]:[1]: leave from stp_cyc ercd=0.
[13737806]:[1]: enter to stp_cyc cycid=1.
[13737808]:[1]: leave from stp_cyc ercd=0.
